[0.150s] Invoking command in '/home/mello/mocap4r2_ws/build/mocap4r2_marker_viz': AMENT_PREFIX_PATH=/home/mello/mocap4r2_ws/install/mocap4r2_marker_viz_srvs:${AMENT_PREFIX_PATH} CMAKE_PREFIX_PATH=/home/mello/mocap4r2_ws/install/mocap4r2_msgs:/home/mello/mocap4r2_ws/install/mocap4r2_marker_viz_srvs:/home/mello/mocap4r2_ws/install/mocap4r2_optitrack_driver:/opt/ros/humble LD_LIBRARY_PATH=/home/mello/mocap4r2_ws/install/mocap4r2_msgs/lib:/home/mello/mocap4r2_ws/install/mocap4r2_marker_viz_srvs/lib:/home/mello/mocap4r2_ws/install/mocap4r2_optitrack_driver/lib:/opt/ros/humble/lib/x86_64-linux-gnu:/opt/ros/humble/lib PYTHONPATH=/home/mello/mocap4r2_ws/install/mocap4r2_marker_viz_srvs/local/lib/python3.10/dist-packages:${PYTHONPATH} /usr/bin/cmake --build /home/mello/mocap4r2_ws/build/mocap4r2_marker_viz -- -j8 -l8
[0.184s] [35m[1mConsolidate compiler generated dependencies of target mocap4r2_marker_viz_NODE[0m
[0.199s] [ 50%] Built target mocap4r2_marker_viz_NODE
[0.209s] [35m[1mConsolidate compiler generated dependencies of target mocap4r2_marker_viz[0m
[0.230s] [100%] Built target mocap4r2_marker_viz
[0.255s] Invoked command in '/home/mello/mocap4r2_ws/build/mocap4r2_marker_viz' returned '0': AMENT_PREFIX_PATH=/home/mello/mocap4r2_ws/install/mocap4r2_marker_viz_srvs:${AMENT_PREFIX_PATH} CMAKE_PREFIX_PATH=/home/mello/mocap4r2_ws/install/mocap4r2_msgs:/home/mello/mocap4r2_ws/install/mocap4r2_marker_viz_srvs:/home/mello/mocap4r2_ws/install/mocap4r2_optitrack_driver:/opt/ros/humble LD_LIBRARY_PATH=/home/mello/mocap4r2_ws/install/mocap4r2_msgs/lib:/home/mello/mocap4r2_ws/install/mocap4r2_marker_viz_srvs/lib:/home/mello/mocap4r2_ws/install/mocap4r2_optitrack_driver/lib:/opt/ros/humble/lib/x86_64-linux-gnu:/opt/ros/humble/lib PYTHONPATH=/home/mello/mocap4r2_ws/install/mocap4r2_marker_viz_srvs/local/lib/python3.10/dist-packages:${PYTHONPATH} /usr/bin/cmake --build /home/mello/mocap4r2_ws/build/mocap4r2_marker_viz -- -j8 -l8
[0.257s] Invoking command in '/home/mello/mocap4r2_ws/build/mocap4r2_marker_viz': AMENT_PREFIX_PATH=/home/mello/mocap4r2_ws/install/mocap4r2_marker_viz_srvs:${AMENT_PREFIX_PATH} CMAKE_PREFIX_PATH=/home/mello/mocap4r2_ws/install/mocap4r2_msgs:/home/mello/mocap4r2_ws/install/mocap4r2_marker_viz_srvs:/home/mello/mocap4r2_ws/install/mocap4r2_optitrack_driver:/opt/ros/humble LD_LIBRARY_PATH=/home/mello/mocap4r2_ws/install/mocap4r2_msgs/lib:/home/mello/mocap4r2_ws/install/mocap4r2_marker_viz_srvs/lib:/home/mello/mocap4r2_ws/install/mocap4r2_optitrack_driver/lib:/opt/ros/humble/lib/x86_64-linux-gnu:/opt/ros/humble/lib PYTHONPATH=/home/mello/mocap4r2_ws/install/mocap4r2_marker_viz_srvs/local/lib/python3.10/dist-packages:${PYTHONPATH} /usr/bin/cmake --install /home/mello/mocap4r2_ws/build/mocap4r2_marker_viz
[0.266s] -- Install configuration: ""
[0.266s] -- Execute custom install script
[0.266s] -- Up-to-date symlink: /home/mello/mocap4r2_ws/install/mocap4r2_marker_viz/lib/libmocap4r2_marker_viz_NODE.a
[0.266s] -- Up-to-date symlink: /home/mello/mocap4r2_ws/install/mocap4r2_marker_viz/lib/mocap4r2_marker_viz/mocap4r2_marker_viz
[0.266s] -- Up-to-date symlink: /home/mello/mocap4r2_ws/install/mocap4r2_marker_viz/share/mocap4r2_marker_viz/launch/mocap4r2_marker_viz.launch.py
[0.266s] -- Up-to-date symlink: /home/mello/mocap4r2_ws/install/mocap4r2_marker_viz/share/mocap4r2_marker_viz/rviz/config.rviz
[0.267s] -- Up-to-date symlink: /home/mello/mocap4r2_ws/install/mocap4r2_marker_viz/share/ament_index/resource_index/package_run_dependencies/mocap4r2_marker_viz
[0.267s] -- Up-to-date symlink: /home/mello/mocap4r2_ws/install/mocap4r2_marker_viz/share/ament_index/resource_index/parent_prefix_path/mocap4r2_marker_viz
[0.267s] -- Up-to-date symlink: /home/mello/mocap4r2_ws/install/mocap4r2_marker_viz/share/mocap4r2_marker_viz/environment/ament_prefix_path.sh
[0.267s] -- Up-to-date symlink: /home/mello/mocap4r2_ws/install/mocap4r2_marker_viz/share/mocap4r2_marker_viz/environment/ament_prefix_path.dsv
[0.267s] -- Up-to-date symlink: /home/mello/mocap4r2_ws/install/mocap4r2_marker_viz/share/mocap4r2_marker_viz/environment/path.sh
[0.268s] -- Up-to-date symlink: /home/mello/mocap4r2_ws/install/mocap4r2_marker_viz/share/mocap4r2_marker_viz/environment/path.dsv
[0.268s] -- Up-to-date symlink: /home/mello/mocap4r2_ws/install/mocap4r2_marker_viz/share/mocap4r2_marker_viz/local_setup.bash
[0.269s] -- Up-to-date symlink: /home/mello/mocap4r2_ws/install/mocap4r2_marker_viz/share/mocap4r2_marker_viz/local_setup.sh
[0.269s] -- Up-to-date symlink: /home/mello/mocap4r2_ws/install/mocap4r2_marker_viz/share/mocap4r2_marker_viz/local_setup.zsh
[0.269s] -- Up-to-date symlink: /home/mello/mocap4r2_ws/install/mocap4r2_marker_viz/share/mocap4r2_marker_viz/local_setup.dsv
[0.269s] -- Symlinking: /home/mello/mocap4r2_ws/install/mocap4r2_marker_viz/share/mocap4r2_marker_viz/package.dsv
[0.279s] -- Up-to-date symlink: /home/mello/mocap4r2_ws/install/mocap4r2_marker_viz/share/ament_index/resource_index/packages/mocap4r2_marker_viz
[0.279s] -- Up-to-date symlink: /home/mello/mocap4r2_ws/install/mocap4r2_marker_viz/share/mocap4r2_marker_viz/cmake/mocap4r2_marker_vizConfig.cmake
[0.281s] -- Up-to-date symlink: /home/mello/mocap4r2_ws/install/mocap4r2_marker_viz/share/mocap4r2_marker_viz/cmake/mocap4r2_marker_vizConfig-version.cmake
[0.282s] -- Up-to-date symlink: /home/mello/mocap4r2_ws/install/mocap4r2_marker_viz/share/mocap4r2_marker_viz/package.xml
[0.294s] Invoked command in '/home/mello/mocap4r2_ws/build/mocap4r2_marker_viz' returned '0': AMENT_PREFIX_PATH=/home/mello/mocap4r2_ws/install/mocap4r2_marker_viz_srvs:${AMENT_PREFIX_PATH} CMAKE_PREFIX_PATH=/home/mello/mocap4r2_ws/install/mocap4r2_msgs:/home/mello/mocap4r2_ws/install/mocap4r2_marker_viz_srvs:/home/mello/mocap4r2_ws/install/mocap4r2_optitrack_driver:/opt/ros/humble LD_LIBRARY_PATH=/home/mello/mocap4r2_ws/install/mocap4r2_msgs/lib:/home/mello/mocap4r2_ws/install/mocap4r2_marker_viz_srvs/lib:/home/mello/mocap4r2_ws/install/mocap4r2_optitrack_driver/lib:/opt/ros/humble/lib/x86_64-linux-gnu:/opt/ros/humble/lib PYTHONPATH=/home/mello/mocap4r2_ws/install/mocap4r2_marker_viz_srvs/local/lib/python3.10/dist-packages:${PYTHONPATH} /usr/bin/cmake --install /home/mello/mocap4r2_ws/build/mocap4r2_marker_viz
