[0.150s] Invoking command in '/home/mello/mocap4r2_ws/build/mocap4r2_robot_gt': AMENT_PREFIX_PATH=/home/mello/mocap4r2_ws/install/mocap4r2_robot_gt_msgs:${AMENT_PREFIX_PATH} CMAKE_PREFIX_PATH=/home/mello/mocap4r2_ws/install/mocap4r2_robot_gt_msgs:/home/mello/mocap4r2_ws/install/mocap4r2_msgs:/home/mello/mocap4r2_ws/install/mocap4r2_optitrack_driver:/opt/ros/humble LD_LIBRARY_PATH=/home/mello/mocap4r2_ws/install/mocap4r2_robot_gt_msgs/lib:/home/mello/mocap4r2_ws/install/mocap4r2_msgs/lib:/home/mello/mocap4r2_ws/install/mocap4r2_optitrack_driver/lib:/opt/ros/humble/lib/x86_64-linux-gnu:/opt/ros/humble/lib PYTHONPATH=/home/mello/mocap4r2_ws/install/mocap4r2_robot_gt_msgs/local/lib/python3.10/dist-packages:${PYTHONPATH} /usr/bin/cmake --build /home/mello/mocap4r2_ws/build/mocap4r2_robot_gt -- -j8 -l8
[0.182s] [35m[1mConsolidate compiler generated dependencies of target gt_component[0m
[0.183s] [35m[1mConsolidate compiler generated dependencies of target set_gt_component[0m
[0.196s] [ 25%] Built target gt_component
[0.205s] [ 50%] Built target set_gt_component
[0.206s] [35m[1mConsolidate compiler generated dependencies of target gt_program[0m
[0.218s] [35m[1mConsolidate compiler generated dependencies of target set_gt_cli[0m
[0.232s] [ 75%] Built target gt_program
[0.241s] [100%] Built target set_gt_cli
[0.256s] Invoked command in '/home/mello/mocap4r2_ws/build/mocap4r2_robot_gt' returned '0': AMENT_PREFIX_PATH=/home/mello/mocap4r2_ws/install/mocap4r2_robot_gt_msgs:${AMENT_PREFIX_PATH} CMAKE_PREFIX_PATH=/home/mello/mocap4r2_ws/install/mocap4r2_robot_gt_msgs:/home/mello/mocap4r2_ws/install/mocap4r2_msgs:/home/mello/mocap4r2_ws/install/mocap4r2_optitrack_driver:/opt/ros/humble LD_LIBRARY_PATH=/home/mello/mocap4r2_ws/install/mocap4r2_robot_gt_msgs/lib:/home/mello/mocap4r2_ws/install/mocap4r2_msgs/lib:/home/mello/mocap4r2_ws/install/mocap4r2_optitrack_driver/lib:/opt/ros/humble/lib/x86_64-linux-gnu:/opt/ros/humble/lib PYTHONPATH=/home/mello/mocap4r2_ws/install/mocap4r2_robot_gt_msgs/local/lib/python3.10/dist-packages:${PYTHONPATH} /usr/bin/cmake --build /home/mello/mocap4r2_ws/build/mocap4r2_robot_gt -- -j8 -l8
[0.258s] Invoking command in '/home/mello/mocap4r2_ws/build/mocap4r2_robot_gt': AMENT_PREFIX_PATH=/home/mello/mocap4r2_ws/install/mocap4r2_robot_gt_msgs:${AMENT_PREFIX_PATH} CMAKE_PREFIX_PATH=/home/mello/mocap4r2_ws/install/mocap4r2_robot_gt_msgs:/home/mello/mocap4r2_ws/install/mocap4r2_msgs:/home/mello/mocap4r2_ws/install/mocap4r2_optitrack_driver:/opt/ros/humble LD_LIBRARY_PATH=/home/mello/mocap4r2_ws/install/mocap4r2_robot_gt_msgs/lib:/home/mello/mocap4r2_ws/install/mocap4r2_msgs/lib:/home/mello/mocap4r2_ws/install/mocap4r2_optitrack_driver/lib:/opt/ros/humble/lib/x86_64-linux-gnu:/opt/ros/humble/lib PYTHONPATH=/home/mello/mocap4r2_ws/install/mocap4r2_robot_gt_msgs/local/lib/python3.10/dist-packages:${PYTHONPATH} /usr/bin/cmake --install /home/mello/mocap4r2_ws/build/mocap4r2_robot_gt
[0.265s] -- Install configuration: ""
[0.265s] -- Execute custom install script
[0.266s] -- Up-to-date symlink: /home/mello/mocap4r2_ws/install/mocap4r2_robot_gt/lib/libgt_component.so
[0.266s] -- Up-to-date symlink: /home/mello/mocap4r2_ws/install/mocap4r2_robot_gt/lib/mocap4r2_robot_gt/gt_program
[0.266s] -- Up-to-date symlink: /home/mello/mocap4r2_ws/install/mocap4r2_robot_gt/lib/libset_gt_component.so
[0.267s] -- Up-to-date symlink: /home/mello/mocap4r2_ws/install/mocap4r2_robot_gt/lib/mocap4r2_robot_gt/set_gt_cli
[0.267s] -- Up-to-date symlink: /home/mello/mocap4r2_ws/install/mocap4r2_robot_gt/share/ament_index/resource_index/package_run_dependencies/mocap4r2_robot_gt
[0.267s] -- Up-to-date symlink: /home/mello/mocap4r2_ws/install/mocap4r2_robot_gt/share/ament_index/resource_index/parent_prefix_path/mocap4r2_robot_gt
[0.267s] -- Up-to-date symlink: /home/mello/mocap4r2_ws/install/mocap4r2_robot_gt/share/mocap4r2_robot_gt/environment/ament_prefix_path.sh
[0.268s] -- Up-to-date symlink: /home/mello/mocap4r2_ws/install/mocap4r2_robot_gt/share/mocap4r2_robot_gt/environment/ament_prefix_path.dsv
[0.268s] -- Up-to-date symlink: /home/mello/mocap4r2_ws/install/mocap4r2_robot_gt/share/mocap4r2_robot_gt/environment/path.sh
[0.268s] -- Up-to-date symlink: /home/mello/mocap4r2_ws/install/mocap4r2_robot_gt/share/mocap4r2_robot_gt/environment/path.dsv
[0.268s] -- Up-to-date symlink: /home/mello/mocap4r2_ws/install/mocap4r2_robot_gt/share/mocap4r2_robot_gt/local_setup.bash
[0.269s] -- Up-to-date symlink: /home/mello/mocap4r2_ws/install/mocap4r2_robot_gt/share/mocap4r2_robot_gt/local_setup.sh
[0.269s] -- Up-to-date symlink: /home/mello/mocap4r2_ws/install/mocap4r2_robot_gt/share/mocap4r2_robot_gt/local_setup.zsh
[0.269s] -- Up-to-date symlink: /home/mello/mocap4r2_ws/install/mocap4r2_robot_gt/share/mocap4r2_robot_gt/local_setup.dsv
[0.269s] -- Symlinking: /home/mello/mocap4r2_ws/install/mocap4r2_robot_gt/share/mocap4r2_robot_gt/package.dsv
[0.279s] -- Up-to-date symlink: /home/mello/mocap4r2_ws/install/mocap4r2_robot_gt/share/ament_index/resource_index/packages/mocap4r2_robot_gt
[0.279s] -- Up-to-date symlink: /home/mello/mocap4r2_ws/install/mocap4r2_robot_gt/share/ament_index/resource_index/rclcpp_components/mocap4r2_robot_gt
[0.280s] -- Up-to-date symlink: /home/mello/mocap4r2_ws/install/mocap4r2_robot_gt/share/mocap4r2_robot_gt/cmake/mocap4r2_robot_gtConfig.cmake
[0.280s] -- Up-to-date symlink: /home/mello/mocap4r2_ws/install/mocap4r2_robot_gt/share/mocap4r2_robot_gt/cmake/mocap4r2_robot_gtConfig-version.cmake
[0.280s] -- Up-to-date symlink: /home/mello/mocap4r2_ws/install/mocap4r2_robot_gt/share/mocap4r2_robot_gt/package.xml
[0.280s] Invoked command in '/home/mello/mocap4r2_ws/build/mocap4r2_robot_gt' returned '0': AMENT_PREFIX_PATH=/home/mello/mocap4r2_ws/install/mocap4r2_robot_gt_msgs:${AMENT_PREFIX_PATH} CMAKE_PREFIX_PATH=/home/mello/mocap4r2_ws/install/mocap4r2_robot_gt_msgs:/home/mello/mocap4r2_ws/install/mocap4r2_msgs:/home/mello/mocap4r2_ws/install/mocap4r2_optitrack_driver:/opt/ros/humble LD_LIBRARY_PATH=/home/mello/mocap4r2_ws/install/mocap4r2_robot_gt_msgs/lib:/home/mello/mocap4r2_ws/install/mocap4r2_msgs/lib:/home/mello/mocap4r2_ws/install/mocap4r2_optitrack_driver/lib:/opt/ros/humble/lib/x86_64-linux-gnu:/opt/ros/humble/lib PYTHONPATH=/home/mello/mocap4r2_ws/install/mocap4r2_robot_gt_msgs/local/lib/python3.10/dist-packages:${PYTHONPATH} /usr/bin/cmake --install /home/mello/mocap4r2_ws/build/mocap4r2_robot_gt
