[0.027s] Invoking command in '/home/mello/mocap4r2_ws/build/mocap4r2_optitrack_driver': AMENT_PREFIX_PATH=/home/mello/mocap4r2_ws/install/mocap4r2_control:/home/mello/mocap4r2_ws/install/mocap4r2_control_msgs:${AMENT_PREFIX_PATH} CMAKE_PREFIX_PATH=/home/mello/mocap4r2_ws/install/mocap4r2_control:/home/mello/mocap4r2_ws/install/mocap4r2_msgs:/home/mello/mocap4r2_ws/install/mocap4r2_control_msgs:/home/mello/mocap4r2_ws/install/mocap4r2_optitrack_driver:/opt/ros/humble LD_LIBRARY_PATH=/home/mello/mocap4r2_ws/install/mocap4r2_control/lib:/home/mello/mocap4r2_ws/install/mocap4r2_msgs/lib:/home/mello/mocap4r2_ws/install/mocap4r2_control_msgs/lib:/home/mello/mocap4r2_ws/install/mocap4r2_optitrack_driver/lib:/opt/ros/humble/lib/x86_64-linux-gnu:/opt/ros/humble/lib PYTHONPATH=/home/mello/mocap4r2_ws/install/mocap4r2_control_msgs/local/lib/python3.10/dist-packages:${PYTHONPATH} /usr/bin/cmake --build /home/mello/mocap4r2_ws/build/mocap4r2_optitrack_driver -- -j8 -l8
[0.100s] [ 50%] Built target mocap4r2_optitrack_driver
[0.121s] [100%] Built target mocap4r2_optitrack_driver_main
[0.129s] Invoked command in '/home/mello/mocap4r2_ws/build/mocap4r2_optitrack_driver' returned '0': AMENT_PREFIX_PATH=/home/mello/mocap4r2_ws/install/mocap4r2_control:/home/mello/mocap4r2_ws/install/mocap4r2_control_msgs:${AMENT_PREFIX_PATH} CMAKE_PREFIX_PATH=/home/mello/mocap4r2_ws/install/mocap4r2_control:/home/mello/mocap4r2_ws/install/mocap4r2_msgs:/home/mello/mocap4r2_ws/install/mocap4r2_control_msgs:/home/mello/mocap4r2_ws/install/mocap4r2_optitrack_driver:/opt/ros/humble LD_LIBRARY_PATH=/home/mello/mocap4r2_ws/install/mocap4r2_control/lib:/home/mello/mocap4r2_ws/install/mocap4r2_msgs/lib:/home/mello/mocap4r2_ws/install/mocap4r2_control_msgs/lib:/home/mello/mocap4r2_ws/install/mocap4r2_optitrack_driver/lib:/opt/ros/humble/lib/x86_64-linux-gnu:/opt/ros/humble/lib PYTHONPATH=/home/mello/mocap4r2_ws/install/mocap4r2_control_msgs/local/lib/python3.10/dist-packages:${PYTHONPATH} /usr/bin/cmake --build /home/mello/mocap4r2_ws/build/mocap4r2_optitrack_driver -- -j8 -l8
[0.131s] Invoking command in '/home/mello/mocap4r2_ws/build/mocap4r2_optitrack_driver': AMENT_PREFIX_PATH=/home/mello/mocap4r2_ws/install/mocap4r2_control:/home/mello/mocap4r2_ws/install/mocap4r2_control_msgs:${AMENT_PREFIX_PATH} CMAKE_PREFIX_PATH=/home/mello/mocap4r2_ws/install/mocap4r2_control:/home/mello/mocap4r2_ws/install/mocap4r2_msgs:/home/mello/mocap4r2_ws/install/mocap4r2_control_msgs:/home/mello/mocap4r2_ws/install/mocap4r2_optitrack_driver:/opt/ros/humble LD_LIBRARY_PATH=/home/mello/mocap4r2_ws/install/mocap4r2_control/lib:/home/mello/mocap4r2_ws/install/mocap4r2_msgs/lib:/home/mello/mocap4r2_ws/install/mocap4r2_control_msgs/lib:/home/mello/mocap4r2_ws/install/mocap4r2_optitrack_driver/lib:/opt/ros/humble/lib/x86_64-linux-gnu:/opt/ros/humble/lib PYTHONPATH=/home/mello/mocap4r2_ws/install/mocap4r2_control_msgs/local/lib/python3.10/dist-packages:${PYTHONPATH} /usr/bin/cmake --install /home/mello/mocap4r2_ws/build/mocap4r2_optitrack_driver
[0.138s] -- Install configuration: ""
[0.138s] -- Execute custom install script
[0.138s] -- Up-to-date symlink: /home/mello/mocap4r2_ws/install/mocap4r2_optitrack_driver/include//mocap4r2_optitrack_driver/mocap4r2_optitrack_driver.hpp
[0.138s] -- Up-to-date symlink: /home/mello/mocap4r2_ws/install/mocap4r2_optitrack_driver/share/mocap4r2_optitrack_driver/launch/optitrack2.launch.py
[0.138s] -- Up-to-date symlink: /home/mello/mocap4r2_ws/install/mocap4r2_optitrack_driver/share/mocap4r2_optitrack_driver/config/mocap4r2_optitrack_driver_params.yaml
[0.139s] -- Up-to-date symlink: /home/mello/mocap4r2_ws/install/mocap4r2_optitrack_driver/lib/mocap4r2_optitrack_driver/mocap4r2_optitrack_driver_main
[0.139s] -- Up-to-date symlink: /home/mello/mocap4r2_ws/install/mocap4r2_optitrack_driver/lib/libmocap4r2_optitrack_driver.a
[0.139s] -- Up-to-date symlink: /home/mello/mocap4r2_ws/install/mocap4r2_optitrack_driver/share/mocap4r2_optitrack_driver/environment/library_path.sh
[0.139s] -- Up-to-date symlink: /home/mello/mocap4r2_ws/install/mocap4r2_optitrack_driver/share/mocap4r2_optitrack_driver/environment/library_path.dsv
[0.139s] -- Up-to-date symlink: /home/mello/mocap4r2_ws/install/mocap4r2_optitrack_driver/share/ament_index/resource_index/package_run_dependencies/mocap4r2_optitrack_driver
[0.139s] -- Up-to-date symlink: /home/mello/mocap4r2_ws/install/mocap4r2_optitrack_driver/share/ament_index/resource_index/parent_prefix_path/mocap4r2_optitrack_driver
[0.139s] -- Up-to-date symlink: /home/mello/mocap4r2_ws/install/mocap4r2_optitrack_driver/share/mocap4r2_optitrack_driver/environment/ament_prefix_path.sh
[0.139s] -- Up-to-date symlink: /home/mello/mocap4r2_ws/install/mocap4r2_optitrack_driver/share/mocap4r2_optitrack_driver/environment/ament_prefix_path.dsv
[0.139s] -- Up-to-date symlink: /home/mello/mocap4r2_ws/install/mocap4r2_optitrack_driver/share/mocap4r2_optitrack_driver/environment/path.sh
[0.139s] -- Up-to-date symlink: /home/mello/mocap4r2_ws/install/mocap4r2_optitrack_driver/share/mocap4r2_optitrack_driver/environment/path.dsv
[0.140s] -- Up-to-date symlink: /home/mello/mocap4r2_ws/install/mocap4r2_optitrack_driver/share/mocap4r2_optitrack_driver/local_setup.bash
[0.140s] -- Up-to-date symlink: /home/mello/mocap4r2_ws/install/mocap4r2_optitrack_driver/share/mocap4r2_optitrack_driver/local_setup.sh
[0.140s] -- Up-to-date symlink: /home/mello/mocap4r2_ws/install/mocap4r2_optitrack_driver/share/mocap4r2_optitrack_driver/local_setup.zsh
[0.140s] -- Up-to-date symlink: /home/mello/mocap4r2_ws/install/mocap4r2_optitrack_driver/share/mocap4r2_optitrack_driver/local_setup.dsv
[0.140s] -- Symlinking: /home/mello/mocap4r2_ws/install/mocap4r2_optitrack_driver/share/mocap4r2_optitrack_driver/package.dsv
[0.146s] -- Up-to-date symlink: /home/mello/mocap4r2_ws/install/mocap4r2_optitrack_driver/share/ament_index/resource_index/packages/mocap4r2_optitrack_driver
[0.147s] -- Up-to-date symlink: /home/mello/mocap4r2_ws/install/mocap4r2_optitrack_driver/share/mocap4r2_optitrack_driver/cmake/ament_cmake_export_include_directories-extras.cmake
[0.147s] -- Up-to-date symlink: /home/mello/mocap4r2_ws/install/mocap4r2_optitrack_driver/share/mocap4r2_optitrack_driver/cmake/ament_cmake_export_libraries-extras.cmake
[0.147s] -- Up-to-date symlink: /home/mello/mocap4r2_ws/install/mocap4r2_optitrack_driver/share/mocap4r2_optitrack_driver/cmake/ament_cmake_export_dependencies-extras.cmake
[0.147s] -- Up-to-date symlink: /home/mello/mocap4r2_ws/install/mocap4r2_optitrack_driver/share/mocap4r2_optitrack_driver/cmake/mocap4r2_optitrack_driverConfig.cmake
[0.147s] -- Up-to-date symlink: /home/mello/mocap4r2_ws/install/mocap4r2_optitrack_driver/share/mocap4r2_optitrack_driver/cmake/mocap4r2_optitrack_driverConfig-version.cmake
[0.147s] -- Up-to-date symlink: /home/mello/mocap4r2_ws/install/mocap4r2_optitrack_driver/share/mocap4r2_optitrack_driver/package.xml
[0.157s] Invoked command in '/home/mello/mocap4r2_ws/build/mocap4r2_optitrack_driver' returned '0': AMENT_PREFIX_PATH=/home/mello/mocap4r2_ws/install/mocap4r2_control:/home/mello/mocap4r2_ws/install/mocap4r2_control_msgs:${AMENT_PREFIX_PATH} CMAKE_PREFIX_PATH=/home/mello/mocap4r2_ws/install/mocap4r2_control:/home/mello/mocap4r2_ws/install/mocap4r2_msgs:/home/mello/mocap4r2_ws/install/mocap4r2_control_msgs:/home/mello/mocap4r2_ws/install/mocap4r2_optitrack_driver:/opt/ros/humble LD_LIBRARY_PATH=/home/mello/mocap4r2_ws/install/mocap4r2_control/lib:/home/mello/mocap4r2_ws/install/mocap4r2_msgs/lib:/home/mello/mocap4r2_ws/install/mocap4r2_control_msgs/lib:/home/mello/mocap4r2_ws/install/mocap4r2_optitrack_driver/lib:/opt/ros/humble/lib/x86_64-linux-gnu:/opt/ros/humble/lib PYTHONPATH=/home/mello/mocap4r2_ws/install/mocap4r2_control_msgs/local/lib/python3.10/dist-packages:${PYTHONPATH} /usr/bin/cmake --install /home/mello/mocap4r2_ws/build/mocap4r2_optitrack_driver
