[0.503s] Invoking command in '/home/mello/mocap4r2_ws/build/mocap4r2cli': AMENT_PREFIX_PATH=/home/mello/mocap4r2_ws/install/mocap4r2_control_msgs:${AMENT_PREFIX_PATH} CMAKE_PREFIX_PATH=/home/mello/mocap4r2_ws/install/mocap4r2_control_msgs:${CMAKE_PREFIX_PATH} LD_LIBRARY_PATH=/home/mello/mocap4r2_ws/install/mocap4r2_control_msgs/lib:${LD_LIBRARY_PATH} PYTHONPATH=/home/mello/mocap4r2_ws/build/mocap4r2cli/prefix_override:/usr/lib/python3/dist-packages/colcon_core/task/python/colcon_distutils_commands:/home/mello/mocap4r2_ws/install/mocap4r2cli/lib/python3.10/site-packages:/home/mello/mocap4r2_ws/install/mocap4r2_control_msgs/local/lib/python3.10/dist-packages:${PYTHONPATH} /usr/bin/python3 -W ignore:setup.py install is deprecated -W ignore:easy_install command is deprecated setup.py develop --editable --build-directory /home/mello/mocap4r2_ws/build/mocap4r2cli/build --no-deps symlink_data
[0.737s] running develop
[0.833s] running egg_info
[0.833s] creating mocap4r2cli.egg-info
[0.833s] writing mocap4r2cli.egg-info/PKG-INFO
[0.837s] writing dependency_links to mocap4r2cli.egg-info/dependency_links.txt
[0.837s] writing entry points to mocap4r2cli.egg-info/entry_points.txt
[0.837s] writing requirements to mocap4r2cli.egg-info/requires.txt
[0.837s] writing top-level names to mocap4r2cli.egg-info/top_level.txt
[0.837s] writing manifest file 'mocap4r2cli.egg-info/SOURCES.txt'
[0.837s] reading manifest file 'mocap4r2cli.egg-info/SOURCES.txt'
[0.837s] writing manifest file 'mocap4r2cli.egg-info/SOURCES.txt'
[0.839s] running build_ext
[0.839s] Creating /home/mello/mocap4r2_ws/install/mocap4r2cli/lib/python3.10/site-packages/mocap4r2cli.egg-link (link to .)
[0.840s] 
[0.840s] Installed /home/mello/mocap4r2_ws/build/mocap4r2cli
[0.840s] running symlink_data
[0.840s] symbolically linking /home/mello/mocap4r2_ws/build/mocap4r2cli/package.xml -> /home/mello/mocap4r2_ws/install/mocap4r2cli/share/mocap4r2cli
[0.841s] creating /home/mello/mocap4r2_ws/install/mocap4r2cli/share/ament_index
[0.841s] creating /home/mello/mocap4r2_ws/install/mocap4r2cli/share/ament_index/resource_index
[0.841s] creating /home/mello/mocap4r2_ws/install/mocap4r2cli/share/ament_index/resource_index/packages
[0.841s] symbolically linking /home/mello/mocap4r2_ws/build/mocap4r2cli/resource/mocap4r2cli -> /home/mello/mocap4r2_ws/install/mocap4r2cli/share/ament_index/resource_index/packages
[0.871s] Invoked command in '/home/mello/mocap4r2_ws/build/mocap4r2cli' returned '0': AMENT_PREFIX_PATH=/home/mello/mocap4r2_ws/install/mocap4r2_control_msgs:${AMENT_PREFIX_PATH} CMAKE_PREFIX_PATH=/home/mello/mocap4r2_ws/install/mocap4r2_control_msgs:${CMAKE_PREFIX_PATH} LD_LIBRARY_PATH=/home/mello/mocap4r2_ws/install/mocap4r2_control_msgs/lib:${LD_LIBRARY_PATH} PYTHONPATH=/home/mello/mocap4r2_ws/build/mocap4r2cli/prefix_override:/usr/lib/python3/dist-packages/colcon_core/task/python/colcon_distutils_commands:/home/mello/mocap4r2_ws/install/mocap4r2cli/lib/python3.10/site-packages:/home/mello/mocap4r2_ws/install/mocap4r2_control_msgs/local/lib/python3.10/dist-packages:${PYTHONPATH} /usr/bin/python3 -W ignore:setup.py install is deprecated -W ignore:easy_install command is deprecated setup.py develop --editable --build-directory /home/mello/mocap4r2_ws/build/mocap4r2cli/build --no-deps symlink_data
