[0.008s] Invoking command in '/home/mello/mocap4r2_ws/build/rqt_mocap4r2_control': AMENT_PREFIX_PATH=/home/mello/mocap4r2_ws/install/mocap4r2_control:/home/mello/mocap4r2_ws/install/mocap4r2_control_msgs:${AMENT_PREFIX_PATH} CMAKE_PREFIX_PATH=/home/mello/mocap4r2_ws/install/mocap4r2_control:/home/mello/mocap4r2_ws/install/mocap4r2_control_msgs:/home/mello/mocap4r2_ws/install/mocap4r2_optitrack_driver:/home/mello/mocap4r2_ws/install/mocap4r2_msgs:/opt/ros/humble LD_LIBRARY_PATH=/home/mello/mocap4r2_ws/install/mocap4r2_control/lib:/home/mello/mocap4r2_ws/install/mocap4r2_control_msgs/lib:${LD_LIBRARY_PATH} PYTHONPATH=/home/mello/mocap4r2_ws/install/mocap4r2_control_msgs/local/lib/python3.10/dist-packages:${PYTHONPATH} /usr/bin/cmake /home/mello/mocap4r2_ws/src/mocap4r2/mocap4r2_control/rqt_mocap4r2_control -DAMENT_CMAKE_SYMLINK_INSTALL=1 -DCMAKE_INSTALL_PREFIX=/home/mello/mocap4r2_ws/install/rqt_mocap4r2_control
[0.043s] -- The C compiler identification is GNU 11.4.0
[0.084s] -- The CXX compiler identification is GNU 11.4.0
[0.089s] -- Detecting C compiler ABI info
[0.135s] -- Detecting C compiler ABI info - done
[0.140s] -- Check for working C compiler: /usr/bin/cc - skipped
[0.141s] -- Detecting C compile features
[0.141s] -- Detecting C compile features - done
[0.143s] -- Detecting CXX compiler ABI info
[0.197s] -- Detecting CXX compiler ABI info - done
[0.207s] -- Check for working CXX compiler: /usr/bin/c++ - skipped
[0.207s] -- Detecting CXX compile features
[0.208s] -- Detecting CXX compile features - done
[0.210s] -- Found ament_cmake: 1.3.14 (/opt/ros/humble/share/ament_cmake/cmake)
[0.302s] -- Found Python3: /usr/bin/python3 (found version "3.10.12") found components: Interpreter 
[0.347s] -- Override CMake install command with custom implementation using symlinks instead of copying resources
[0.369s] -- Found rclcpp: 16.0.19 (/opt/ros/humble/share/rclcpp/cmake)
[0.393s] -- Found rosidl_generator_c: 3.1.8 (/opt/ros/humble/share/rosidl_generator_c/cmake)
[0.396s] -- Found rosidl_adapter: 3.1.8 (/opt/ros/humble/share/rosidl_adapter/cmake)
[0.401s] -- Found rosidl_generator_cpp: 3.1.8 (/opt/ros/humble/share/rosidl_generator_cpp/cmake)
[0.409s] -- Using all available rosidl_typesupport_c: rosidl_typesupport_fastrtps_c;rosidl_typesupport_introspection_c
[0.419s] -- Using all available rosidl_typesupport_cpp: rosidl_typesupport_fastrtps_cpp;rosidl_typesupport_introspection_cpp
[0.447s] -- Found rmw_implementation_cmake: 6.1.2 (/opt/ros/humble/share/rmw_implementation_cmake/cmake)
[0.449s] -- Found rmw_fastrtps_cpp: 6.2.10 (/opt/ros/humble/share/rmw_fastrtps_cpp/cmake)
[0.498s] -- Found OpenSSL: /usr/lib/x86_64-linux-gnu/libcrypto.so (found version "3.0.2")  
[0.511s] -- Found FastRTPS: /opt/ros/humble/include  
[0.532s] -- Using RMW implementation 'rmw_fastrtps_cpp' as default
[0.537s] -- Looking for pthread.h
[0.584s] -- Looking for pthread.h - found
[0.585s] -- Performing Test CMAKE_HAVE_LIBC_PTHREAD
[0.632s] -- Performing Test CMAKE_HAVE_LIBC_PTHREAD - Success
[0.633s] -- Found Threads: TRUE  
[0.669s] -- Configuring incomplete, errors occurred!
[0.669s] See also "/home/mello/mocap4r2_ws/build/rqt_mocap4r2_control/CMakeFiles/CMakeOutput.log".
[0.669s] [31mCMake Error at CMakeLists.txt:26 (find_package):
[0.669s]   By not providing "Findqt_gui_cpp.cmake" in CMAKE_MODULE_PATH this project
[0.669s]   has asked CMake to find a package configuration file provided by
[0.669s]   "qt_gui_cpp", but CMake did not find one.
[0.669s] 
[0.670s]   Could not find a package configuration file provided by "qt_gui_cpp" with
[0.670s]   any of the following names:
[0.670s] 
[0.670s]     qt_gui_cppConfig.cmake
[0.670s]     qt_gui_cpp-config.cmake
[0.670s] 
[0.670s]   Add the installation prefix of "qt_gui_cpp" to CMAKE_PREFIX_PATH or set
[0.670s]   "qt_gui_cpp_DIR" to a directory containing one of the above files.  If
[0.670s]   "qt_gui_cpp" provides a separate development package or SDK, be sure it has
[0.670s]   been installed.
[0.670s] 
[0.670s] [0m
[0.674s] Invoked command in '/home/mello/mocap4r2_ws/build/rqt_mocap4r2_control' returned '1': AMENT_PREFIX_PATH=/home/mello/mocap4r2_ws/install/mocap4r2_control:/home/mello/mocap4r2_ws/install/mocap4r2_control_msgs:${AMENT_PREFIX_PATH} CMAKE_PREFIX_PATH=/home/mello/mocap4r2_ws/install/mocap4r2_control:/home/mello/mocap4r2_ws/install/mocap4r2_control_msgs:/home/mello/mocap4r2_ws/install/mocap4r2_optitrack_driver:/home/mello/mocap4r2_ws/install/mocap4r2_msgs:/opt/ros/humble LD_LIBRARY_PATH=/home/mello/mocap4r2_ws/install/mocap4r2_control/lib:/home/mello/mocap4r2_ws/install/mocap4r2_control_msgs/lib:${LD_LIBRARY_PATH} PYTHONPATH=/home/mello/mocap4r2_ws/install/mocap4r2_control_msgs/local/lib/python3.10/dist-packages:${PYTHONPATH} /usr/bin/cmake /home/mello/mocap4r2_ws/src/mocap4r2/mocap4r2_control/rqt_mocap4r2_control -DAMENT_CMAKE_SYMLINK_INSTALL=1 -DCMAKE_INSTALL_PREFIX=/home/mello/mocap4r2_ws/install/rqt_mocap4r2_control
