[ 25%] [32mBuilding CXX object CMakeFiles/mocap4r2_dummy_driver.dir/src/mocap4r2_dummy_driver/mocap4r2_dummy_driver.cpp.o[0m
[ 50%] [32m[1mLinking CXX static library libmocap4r2_dummy_driver.a[0m
[ 50%] Built target mocap4r2_dummy_driver
[ 75%] [32mBuilding CXX object CMakeFiles/mocap4r2_dummy_driver_main.dir/src/mocap4r2_dummy_driver_main.cpp.o[0m
[100%] [32m[1mLinking CXX executable mocap4r2_dummy_driver_main[0m
[100%] Built target mocap4r2_dummy_driver_main
-- Install configuration: ""
-- Execute custom install script
-- Symlinking: /home/mello/mocap4r2_ws/install/mocap4r2_dummy_driver/share/mocap4r2_dummy_driver/launch/dummy.launch.py
-- Symlinking: /home/mello/mocap4r2_ws/install/mocap4r2_dummy_driver/lib/libmocap4r2_dummy_driver.a
-- Symlinking: /home/mello/mocap4r2_ws/install/mocap4r2_dummy_driver/lib/mocap4r2_dummy_driver/mocap4r2_dummy_driver_main
-- Symlinking: /home/mello/mocap4r2_ws/install/mocap4r2_dummy_driver/share/ament_index/resource_index/package_run_dependencies/mocap4r2_dummy_driver
-- Symlinking: /home/mello/mocap4r2_ws/install/mocap4r2_dummy_driver/share/ament_index/resource_index/parent_prefix_path/mocap4r2_dummy_driver
-- Symlinking: /home/mello/mocap4r2_ws/install/mocap4r2_dummy_driver/share/mocap4r2_dummy_driver/environment/ament_prefix_path.sh
-- Symlinking: /home/mello/mocap4r2_ws/install/mocap4r2_dummy_driver/share/mocap4r2_dummy_driver/environment/ament_prefix_path.dsv
-- Symlinking: /home/mello/mocap4r2_ws/install/mocap4r2_dummy_driver/share/mocap4r2_dummy_driver/environment/path.sh
-- Symlinking: /home/mello/mocap4r2_ws/install/mocap4r2_dummy_driver/share/mocap4r2_dummy_driver/environment/path.dsv
-- Symlinking: /home/mello/mocap4r2_ws/install/mocap4r2_dummy_driver/share/mocap4r2_dummy_driver/local_setup.bash
-- Symlinking: /home/mello/mocap4r2_ws/install/mocap4r2_dummy_driver/share/mocap4r2_dummy_driver/local_setup.sh
-- Symlinking: /home/mello/mocap4r2_ws/install/mocap4r2_dummy_driver/share/mocap4r2_dummy_driver/local_setup.zsh
-- Symlinking: /home/mello/mocap4r2_ws/install/mocap4r2_dummy_driver/share/mocap4r2_dummy_driver/local_setup.dsv
-- Symlinking: /home/mello/mocap4r2_ws/install/mocap4r2_dummy_driver/share/mocap4r2_dummy_driver/package.dsv
-- Symlinking: /home/mello/mocap4r2_ws/install/mocap4r2_dummy_driver/share/ament_index/resource_index/packages/mocap4r2_dummy_driver
-- Symlinking: /home/mello/mocap4r2_ws/install/mocap4r2_dummy_driver/share/mocap4r2_dummy_driver/cmake/ament_cmake_export_dependencies-extras.cmake
-- Symlinking: /home/mello/mocap4r2_ws/install/mocap4r2_dummy_driver/share/mocap4r2_dummy_driver/cmake/mocap4r2_dummy_driverConfig.cmake
-- Symlinking: /home/mello/mocap4r2_ws/install/mocap4r2_dummy_driver/share/mocap4r2_dummy_driver/cmake/mocap4r2_dummy_driverConfig-version.cmake
-- Symlinking: /home/mello/mocap4r2_ws/install/mocap4r2_dummy_driver/share/mocap4r2_dummy_driver/package.xml
