[0.012s] Invoking command in '/home/mello/mocap4r2_ws/build/mocap4r2_control': AMENT_PREFIX_PATH=/home/mello/mocap4r2_ws/install/mocap4r2_control_msgs:${AMENT_PREFIX_PATH} CMAKE_PREFIX_PATH=/home/mello/mocap4r2_ws/install/mocap4r2_control_msgs:/home/mello/mocap4r2_ws/install/mocap4r2_optitrack_driver:/home/mello/mocap4r2_ws/install/mocap4r2_msgs:/opt/ros/humble LD_LIBRARY_PATH=/home/mello/mocap4r2_ws/install/mocap4r2_control_msgs/lib:${LD_LIBRARY_PATH} PYTHONPATH=/home/mello/mocap4r2_ws/install/mocap4r2_control_msgs/local/lib/python3.10/dist-packages:${PYTHONPATH} /usr/bin/cmake /home/mello/mocap4r2_ws/src/mocap4r2/mocap4r2_control/mocap4r2_control -DAMENT_CMAKE_SYMLINK_INSTALL=1 -DCMAKE_INSTALL_PREFIX=/home/mello/mocap4r2_ws/install/mocap4r2_control
[0.048s] -- The C compiler identification is GNU 11.4.0
[0.104s] -- The CXX compiler identification is GNU 11.4.0
[0.108s] -- Detecting C compiler ABI info
[0.186s] -- Detecting C compiler ABI info - done
[0.192s] -- Check for working C compiler: /usr/bin/cc - skipped
[0.192s] -- Detecting C compile features
[0.193s] -- Detecting C compile features - done
[0.195s] -- Detecting CXX compiler ABI info
[0.266s] -- Detecting CXX compiler ABI info - done
[0.278s] -- Check for working CXX compiler: /usr/bin/c++ - skipped
[0.278s] -- Detecting CXX compile features
[0.279s] -- Detecting CXX compile features - done
[0.282s] -- Found ament_cmake: 1.3.14 (/opt/ros/humble/share/ament_cmake/cmake)
[0.410s] -- Found Python3: /usr/bin/python3 (found version "3.10.12") found components: Interpreter 
[0.472s] -- Override CMake install command with custom implementation using symlinks instead of copying resources
[0.491s] -- Found rclcpp: 16.0.19 (/opt/ros/humble/share/rclcpp/cmake)
[0.529s] -- Found rosidl_generator_c: 3.1.8 (/opt/ros/humble/share/rosidl_generator_c/cmake)
[0.533s] -- Found rosidl_adapter: 3.1.8 (/opt/ros/humble/share/rosidl_adapter/cmake)
[0.539s] -- Found rosidl_generator_cpp: 3.1.8 (/opt/ros/humble/share/rosidl_generator_cpp/cmake)
[0.548s] -- Using all available rosidl_typesupport_c: rosidl_typesupport_fastrtps_c;rosidl_typesupport_introspection_c
[0.559s] -- Using all available rosidl_typesupport_cpp: rosidl_typesupport_fastrtps_cpp;rosidl_typesupport_introspection_cpp
[0.591s] -- Found rmw_implementation_cmake: 6.1.2 (/opt/ros/humble/share/rmw_implementation_cmake/cmake)
[0.593s] -- Found rmw_fastrtps_cpp: 6.2.10 (/opt/ros/humble/share/rmw_fastrtps_cpp/cmake)
[0.649s] -- Found OpenSSL: /usr/lib/x86_64-linux-gnu/libcrypto.so (found version "3.0.2")  
[0.667s] -- Found FastRTPS: /opt/ros/humble/include  
[0.691s] -- Using RMW implementation 'rmw_fastrtps_cpp' as default
[0.696s] -- Looking for pthread.h
[0.750s] -- Looking for pthread.h - found
[0.751s] -- Performing Test CMAKE_HAVE_LIBC_PTHREAD
[0.808s] -- Performing Test CMAKE_HAVE_LIBC_PTHREAD - Success
[0.809s] -- Found Threads: TRUE  
[0.872s] -- Found rclcpp_lifecycle: 16.0.19 (/opt/ros/humble/share/rclcpp_lifecycle/cmake)
[0.887s] -- Found mocap4r2_control_msgs: 0.0.7 (/home/mello/mocap4r2_ws/install/mocap4r2_control_msgs/share/mocap4r2_control_msgs/cmake)
[0.924s] -- Found ament_lint_auto: 0.12.15 (/opt/ros/humble/share/ament_lint_auto/cmake)
[1.017s] -- Found gtest sources under '/opt/ros/humble/src/gtest_vendor': C++ tests using 'Google Test' will be built
[1.027s] -- Added test 'copyright' to check source files copyright and LICENSE
[1.029s] -- Added test 'cppcheck' to perform static code analysis on C / C++ code
[1.029s] -- Configured cppcheck include dirs: /home/mello/mocap4r2_ws/src/mocap4r2/mocap4r2_control/mocap4r2_control/include
[1.029s] -- Configured cppcheck exclude dirs and/or files: 
[1.031s] -- Added test 'cpplint' to check C / C++ code against the Google style
[1.031s] -- Configured cpplint exclude dirs and/or files: 
[1.032s] -- Added test 'flake8' to check Python code syntax and style conventions
[1.032s] -- Added test 'lint_cmake' to check CMake code style
[1.033s] -- Added test 'pep257' to check Python code against some of the docstring style conventions in PEP 257
[1.034s] -- Added test 'uncrustify' to check C / C++ code style
[1.034s] -- Configured uncrustify additional arguments: 
[1.035s] -- Added test 'xmllint' to check XML markup files
[1.038s] -- Configuring done
[1.056s] -- Generating done
[1.066s] -- Build files have been written to: /home/mello/mocap4r2_ws/build/mocap4r2_control
[1.074s] Invoked command in '/home/mello/mocap4r2_ws/build/mocap4r2_control' returned '0': AMENT_PREFIX_PATH=/home/mello/mocap4r2_ws/install/mocap4r2_control_msgs:${AMENT_PREFIX_PATH} CMAKE_PREFIX_PATH=/home/mello/mocap4r2_ws/install/mocap4r2_control_msgs:/home/mello/mocap4r2_ws/install/mocap4r2_optitrack_driver:/home/mello/mocap4r2_ws/install/mocap4r2_msgs:/opt/ros/humble LD_LIBRARY_PATH=/home/mello/mocap4r2_ws/install/mocap4r2_control_msgs/lib:${LD_LIBRARY_PATH} PYTHONPATH=/home/mello/mocap4r2_ws/install/mocap4r2_control_msgs/local/lib/python3.10/dist-packages:${PYTHONPATH} /usr/bin/cmake /home/mello/mocap4r2_ws/src/mocap4r2/mocap4r2_control/mocap4r2_control -DAMENT_CMAKE_SYMLINK_INSTALL=1 -DCMAKE_INSTALL_PREFIX=/home/mello/mocap4r2_ws/install/mocap4r2_control
[1.075s] Invoking command in '/home/mello/mocap4r2_ws/build/mocap4r2_control': AMENT_PREFIX_PATH=/home/mello/mocap4r2_ws/install/mocap4r2_control_msgs:${AMENT_PREFIX_PATH} CMAKE_PREFIX_PATH=/home/mello/mocap4r2_ws/install/mocap4r2_control_msgs:/home/mello/mocap4r2_ws/install/mocap4r2_optitrack_driver:/home/mello/mocap4r2_ws/install/mocap4r2_msgs:/opt/ros/humble LD_LIBRARY_PATH=/home/mello/mocap4r2_ws/install/mocap4r2_control_msgs/lib:${LD_LIBRARY_PATH} PYTHONPATH=/home/mello/mocap4r2_ws/install/mocap4r2_control_msgs/local/lib/python3.10/dist-packages:${PYTHONPATH} /usr/bin/cmake --build /home/mello/mocap4r2_ws/build/mocap4r2_control -- -j8 -l8
[1.132s] [ 14%] [32mBuilding CXX object gtest/CMakeFiles/gtest_main.dir/src/gtest_main.cc.o[0m
[1.132s] [ 14%] [32mBuilding CXX object CMakeFiles/mocap4r2_control.dir/src/mocap4r2_control/ControlledLifecycleNode.cpp.o[0m
[1.132s] [ 21%] [32mBuilding CXX object CMakeFiles/mocap4r2_control.dir/src/mocap4r2_control/ControllerNode.cpp.o[0m
[1.138s] [ 28%] [32mBuilding CXX object gtest/CMakeFiles/gtest.dir/src/gtest-all.cc.o[0m
[1.144s] [ 35%] [32mBuilding CXX object CMakeFiles/mocap4r2_control.dir/src/mocap4r2_control/AuxiliarNode.cpp.o[0m
[2.090s] [ 42%] [32m[1mLinking CXX static library libgtest_main.a[0m
[2.129s] [ 42%] Built target gtest_main
[4.003s] [ 50%] [32m[1mLinking CXX static library libgtest.a[0m
[4.074s] [ 50%] Built target gtest
[10.634s] [ 57%] [32m[1mLinking CXX shared library libmocap4r2_control.so[0m
[11.382s] [ 57%] Built target mocap4r2_control
[11.398s] [ 71%] [32mBuilding CXX object test/CMakeFiles/test_control.dir/test_control.cpp.o[0m
[11.398s] [ 71%] [32mBuilding CXX object test/CMakeFiles/test_auxiliar.dir/test_auxiliar.cpp.o[0m
[11.403s] [ 78%] [32mBuilding CXX object CMakeFiles/auxiliar_main.dir/src/auxiliar_main.cpp.o[0m
[15.189s] [ 85%] [32m[1mLinking CXX executable auxiliar_main[0m
[15.444s] [ 85%] Built target auxiliar_main
[19.942s] [ 92%] [32m[1mLinking CXX executable test_auxiliar[0m
[20.444s] [ 92%] Built target test_auxiliar
[20.484s] [100%] [32m[1mLinking CXX executable test_control[0m
[20.890s] [100%] Built target test_control
[20.899s] Invoked command in '/home/mello/mocap4r2_ws/build/mocap4r2_control' returned '0': AMENT_PREFIX_PATH=/home/mello/mocap4r2_ws/install/mocap4r2_control_msgs:${AMENT_PREFIX_PATH} CMAKE_PREFIX_PATH=/home/mello/mocap4r2_ws/install/mocap4r2_control_msgs:/home/mello/mocap4r2_ws/install/mocap4r2_optitrack_driver:/home/mello/mocap4r2_ws/install/mocap4r2_msgs:/opt/ros/humble LD_LIBRARY_PATH=/home/mello/mocap4r2_ws/install/mocap4r2_control_msgs/lib:${LD_LIBRARY_PATH} PYTHONPATH=/home/mello/mocap4r2_ws/install/mocap4r2_control_msgs/local/lib/python3.10/dist-packages:${PYTHONPATH} /usr/bin/cmake --build /home/mello/mocap4r2_ws/build/mocap4r2_control -- -j8 -l8
[20.901s] Invoking command in '/home/mello/mocap4r2_ws/build/mocap4r2_control': AMENT_PREFIX_PATH=/home/mello/mocap4r2_ws/install/mocap4r2_control_msgs:${AMENT_PREFIX_PATH} CMAKE_PREFIX_PATH=/home/mello/mocap4r2_ws/install/mocap4r2_control_msgs:/home/mello/mocap4r2_ws/install/mocap4r2_optitrack_driver:/home/mello/mocap4r2_ws/install/mocap4r2_msgs:/opt/ros/humble LD_LIBRARY_PATH=/home/mello/mocap4r2_ws/install/mocap4r2_control_msgs/lib:${LD_LIBRARY_PATH} PYTHONPATH=/home/mello/mocap4r2_ws/install/mocap4r2_control_msgs/local/lib/python3.10/dist-packages:${PYTHONPATH} /usr/bin/cmake --install /home/mello/mocap4r2_ws/build/mocap4r2_control
[20.905s] -- Install configuration: ""
[20.905s] -- Execute custom install script
[20.906s] -- Symlinking: /home/mello/mocap4r2_ws/install/mocap4r2_control/include//mocap4r2_control/AuxiliarNode.hpp
[20.915s] -- Symlinking: /home/mello/mocap4r2_ws/install/mocap4r2_control/include//mocap4r2_control/ControlledLifecycleNode.hpp
[20.924s] -- Symlinking: /home/mello/mocap4r2_ws/install/mocap4r2_control/include//mocap4r2_control/ControllerNode.hpp
[20.930s] -- Symlinking: /home/mello/mocap4r2_ws/install/mocap4r2_control/share/mocap4r2_control/config/config_example.yaml
[20.935s] -- Symlinking: /home/mello/mocap4r2_ws/install/mocap4r2_control/share/mocap4r2_control/launch/auxiliar.launch.py
[20.941s] -- Symlinking: /home/mello/mocap4r2_ws/install/mocap4r2_control/lib/libmocap4r2_control.so
[20.946s] -- Symlinking: /home/mello/mocap4r2_ws/install/mocap4r2_control/lib/mocap4r2_control/auxiliar_main
[20.952s] -- Symlinking: /home/mello/mocap4r2_ws/install/mocap4r2_control/share/mocap4r2_control/environment/library_path.sh
[20.957s] -- Symlinking: /home/mello/mocap4r2_ws/install/mocap4r2_control/share/mocap4r2_control/environment/library_path.dsv
[20.963s] -- Symlinking: /home/mello/mocap4r2_ws/install/mocap4r2_control/share/ament_index/resource_index/package_run_dependencies/mocap4r2_control
[20.968s] -- Symlinking: /home/mello/mocap4r2_ws/install/mocap4r2_control/share/ament_index/resource_index/parent_prefix_path/mocap4r2_control
[20.974s] -- Symlinking: /home/mello/mocap4r2_ws/install/mocap4r2_control/share/mocap4r2_control/environment/ament_prefix_path.sh
[20.980s] -- Symlinking: /home/mello/mocap4r2_ws/install/mocap4r2_control/share/mocap4r2_control/environment/ament_prefix_path.dsv
[20.985s] -- Symlinking: /home/mello/mocap4r2_ws/install/mocap4r2_control/share/mocap4r2_control/environment/path.sh
[20.991s] -- Symlinking: /home/mello/mocap4r2_ws/install/mocap4r2_control/share/mocap4r2_control/environment/path.dsv
[20.996s] -- Symlinking: /home/mello/mocap4r2_ws/install/mocap4r2_control/share/mocap4r2_control/local_setup.bash
[21.002s] -- Symlinking: /home/mello/mocap4r2_ws/install/mocap4r2_control/share/mocap4r2_control/local_setup.sh
[21.008s] -- Symlinking: /home/mello/mocap4r2_ws/install/mocap4r2_control/share/mocap4r2_control/local_setup.zsh
[21.013s] -- Symlinking: /home/mello/mocap4r2_ws/install/mocap4r2_control/share/mocap4r2_control/local_setup.dsv
[21.019s] -- Symlinking: /home/mello/mocap4r2_ws/install/mocap4r2_control/share/mocap4r2_control/package.dsv
[21.024s] -- Symlinking: /home/mello/mocap4r2_ws/install/mocap4r2_control/share/ament_index/resource_index/packages/mocap4r2_control
[21.029s] -- Symlinking: /home/mello/mocap4r2_ws/install/mocap4r2_control/share/mocap4r2_control/cmake/ament_cmake_export_include_directories-extras.cmake
[21.035s] -- Symlinking: /home/mello/mocap4r2_ws/install/mocap4r2_control/share/mocap4r2_control/cmake/ament_cmake_export_libraries-extras.cmake
[21.040s] -- Symlinking: /home/mello/mocap4r2_ws/install/mocap4r2_control/share/mocap4r2_control/cmake/ament_cmake_export_dependencies-extras.cmake
[21.046s] -- Symlinking: /home/mello/mocap4r2_ws/install/mocap4r2_control/share/mocap4r2_control/cmake/mocap4r2_controlConfig.cmake
[21.051s] -- Symlinking: /home/mello/mocap4r2_ws/install/mocap4r2_control/share/mocap4r2_control/cmake/mocap4r2_controlConfig-version.cmake
[21.057s] -- Symlinking: /home/mello/mocap4r2_ws/install/mocap4r2_control/share/mocap4r2_control/package.xml
[21.064s] Invoked command in '/home/mello/mocap4r2_ws/build/mocap4r2_control' returned '0': AMENT_PREFIX_PATH=/home/mello/mocap4r2_ws/install/mocap4r2_control_msgs:${AMENT_PREFIX_PATH} CMAKE_PREFIX_PATH=/home/mello/mocap4r2_ws/install/mocap4r2_control_msgs:/home/mello/mocap4r2_ws/install/mocap4r2_optitrack_driver:/home/mello/mocap4r2_ws/install/mocap4r2_msgs:/opt/ros/humble LD_LIBRARY_PATH=/home/mello/mocap4r2_ws/install/mocap4r2_control_msgs/lib:${LD_LIBRARY_PATH} PYTHONPATH=/home/mello/mocap4r2_ws/install/mocap4r2_control_msgs/local/lib/python3.10/dist-packages:${PYTHONPATH} /usr/bin/cmake --install /home/mello/mocap4r2_ws/build/mocap4r2_control
