[0.005s] Invoking command in '/home/mello/mocap4r2_ws/build/mocap4r2_optitrack_driver': CMAKE_PREFIX_PATH=${CMAKE_PREFIX_PATH}:/opt/ros/humble /usr/bin/cmake /home/mello/mocap4r2_ws/src/mocap4ros2_optitrack/mocap4r2_optitrack_driver -DAMENT_CMAKE_SYMLINK_INSTALL=1 -DCMAKE_INSTALL_PREFIX=/home/mello/mocap4r2_ws/install/mocap4r2_optitrack_driver
[0.041s] -- The C compiler identification is GNU 11.4.0
[0.077s] -- The CXX compiler identification is GNU 11.4.0
[0.081s] -- Detecting C compiler ABI info
[0.136s] -- Detecting C compiler ABI info - done
[0.141s] -- Check for working C compiler: /usr/bin/cc - skipped
[0.141s] -- Detecting C compile features
[0.142s] -- Detecting C compile features - done
[0.143s] -- Detecting CXX compiler ABI info
[0.192s] -- Detecting CXX compiler ABI info - done
[0.197s] -- Check for working CXX compiler: /usr/bin/c++ - skipped
[0.197s] -- Detecting CXX compile features
[0.198s] -- Detecting CXX compile features - done
[0.199s] -- Found ament_cmake: 1.3.14 (/opt/ros/humble/share/ament_cmake/cmake)
[0.281s] -- Found Python3: /usr/bin/python3 (found version "3.10.12") found components: Interpreter 
[0.319s] -- Override CMake install command with custom implementation using symlinks instead of copying resources
[0.330s] -- Found rclcpp: 16.0.19 (/opt/ros/humble/share/rclcpp/cmake)
[0.349s] -- Found rosidl_generator_c: 3.1.8 (/opt/ros/humble/share/rosidl_generator_c/cmake)
[0.352s] -- Found rosidl_adapter: 3.1.8 (/opt/ros/humble/share/rosidl_adapter/cmake)
[0.356s] -- Found rosidl_generator_cpp: 3.1.8 (/opt/ros/humble/share/rosidl_generator_cpp/cmake)
[0.362s] -- Using all available rosidl_typesupport_c: rosidl_typesupport_fastrtps_c;rosidl_typesupport_introspection_c
[0.371s] -- Using all available rosidl_typesupport_cpp: rosidl_typesupport_fastrtps_cpp;rosidl_typesupport_introspection_cpp
[0.392s] -- Found rmw_implementation_cmake: 6.1.2 (/opt/ros/humble/share/rmw_implementation_cmake/cmake)
[0.394s] -- Found rmw_fastrtps_cpp: 6.2.10 (/opt/ros/humble/share/rmw_fastrtps_cpp/cmake)
[0.439s] -- Found OpenSSL: /usr/lib/x86_64-linux-gnu/libcrypto.so (found version "3.0.2")  
[0.450s] -- Found FastRTPS: /opt/ros/humble/include  
[0.468s] -- Using RMW implementation 'rmw_fastrtps_cpp' as default
[0.472s] -- Looking for pthread.h
[0.517s] -- Looking for pthread.h - found
[0.517s] -- Performing Test CMAKE_HAVE_LIBC_PTHREAD
[0.565s] -- Performing Test CMAKE_HAVE_LIBC_PTHREAD - Success
[0.566s] -- Found Threads: TRUE  
[0.596s] -- Found rclcpp_lifecycle: 16.0.19 (/opt/ros/humble/share/rclcpp_lifecycle/cmake)
[0.606s] -- Found tf2: 0.25.20 (/opt/ros/humble/share/tf2/cmake)
[0.618s] -- Found tf2_ros: 0.25.20 (/opt/ros/humble/share/tf2_ros/cmake)
[0.667s] -- Found mocap4r2_msgs: 0.2.0 (/home/mello/mocap4r2_ws/install/mocap4r2_msgs/share/mocap4r2_msgs/cmake)
[0.677s] -- Found mocap4r2_control_msgs: 0.0.7 (/opt/ros/humble/share/mocap4r2_control_msgs/cmake)
[0.688s] -- Found mocap4r2_control: 0.0.7 (/opt/ros/humble/share/mocap4r2_control/cmake)
[0.699s] -- Found ament_cmake_copyright: 0.12.15 (/opt/ros/humble/share/ament_cmake_copyright/cmake)
[0.699s] -- Found ament_cmake_cppcheck: 0.12.15 (/opt/ros/humble/share/ament_cmake_cppcheck/cmake)
[0.700s] -- Found ament_cmake_cpplint: 0.12.15 (/opt/ros/humble/share/ament_cmake_cpplint/cmake)
[0.701s] -- Found ament_cmake_lint_cmake: 0.12.15 (/opt/ros/humble/share/ament_cmake_lint_cmake/cmake)
[0.702s] -- Found ament_cmake_xmllint: 0.12.15 (/opt/ros/humble/share/ament_cmake_xmllint/cmake)
[0.702s] -- Found ament_cmake_uncrustify: 0.12.15 (/opt/ros/humble/share/ament_cmake_uncrustify/cmake)
[0.704s] -- Found ament_cmake_gtest: 1.3.14 (/opt/ros/humble/share/ament_cmake_gtest/cmake)
[0.745s] -- Configuring done
[0.761s] -- Generating done
[0.765s] -- Build files have been written to: /home/mello/mocap4r2_ws/build/mocap4r2_optitrack_driver
[0.772s] Invoked command in '/home/mello/mocap4r2_ws/build/mocap4r2_optitrack_driver' returned '0': CMAKE_PREFIX_PATH=${CMAKE_PREFIX_PATH}:/opt/ros/humble /usr/bin/cmake /home/mello/mocap4r2_ws/src/mocap4ros2_optitrack/mocap4r2_optitrack_driver -DAMENT_CMAKE_SYMLINK_INSTALL=1 -DCMAKE_INSTALL_PREFIX=/home/mello/mocap4r2_ws/install/mocap4r2_optitrack_driver
[0.773s] Invoking command in '/home/mello/mocap4r2_ws/build/mocap4r2_optitrack_driver': CMAKE_PREFIX_PATH=${CMAKE_PREFIX_PATH}:/opt/ros/humble /usr/bin/cmake --build /home/mello/mocap4r2_ws/build/mocap4r2_optitrack_driver -- -j8 -l8
[0.805s] [ 25%] [32mBuilding CXX object CMakeFiles/mocap4r2_optitrack_driver.dir/src/mocap4r2_optitrack_driver/mocap4r2_optitrack_driver.cpp.o[0m
[4.088s] [ 50%] [32m[1mLinking CXX static library libmocap4r2_optitrack_driver.a[0m
[4.127s] [ 50%] Built target mocap4r2_optitrack_driver
[4.142s] [ 75%] [32mBuilding CXX object CMakeFiles/mocap4r2_optitrack_driver_main.dir/src/mocap4r2_optitrack_driver_main.cpp.o[0m
[6.028s] [100%] [32m[1mLinking CXX executable mocap4r2_optitrack_driver_main[0m
[6.220s] [100%] Built target mocap4r2_optitrack_driver_main
[6.229s] Invoked command in '/home/mello/mocap4r2_ws/build/mocap4r2_optitrack_driver' returned '0': CMAKE_PREFIX_PATH=${CMAKE_PREFIX_PATH}:/opt/ros/humble /usr/bin/cmake --build /home/mello/mocap4r2_ws/build/mocap4r2_optitrack_driver -- -j8 -l8
[6.230s] Invoking command in '/home/mello/mocap4r2_ws/build/mocap4r2_optitrack_driver': CMAKE_PREFIX_PATH=${CMAKE_PREFIX_PATH}:/opt/ros/humble /usr/bin/cmake --install /home/mello/mocap4r2_ws/build/mocap4r2_optitrack_driver
[6.234s] -- Install configuration: ""
[6.235s] -- Execute custom install script
[6.235s] -- Symlinking: /home/mello/mocap4r2_ws/install/mocap4r2_optitrack_driver/include//mocap4r2_optitrack_driver/mocap4r2_optitrack_driver.hpp
[6.240s] -- Symlinking: /home/mello/mocap4r2_ws/install/mocap4r2_optitrack_driver/share/mocap4r2_optitrack_driver/launch/optitrack2.launch.py
[6.247s] -- Symlinking: /home/mello/mocap4r2_ws/install/mocap4r2_optitrack_driver/share/mocap4r2_optitrack_driver/config/mocap4r2_optitrack_driver_params.yaml
[6.253s] -- Symlinking: /home/mello/mocap4r2_ws/install/mocap4r2_optitrack_driver/lib/mocap4r2_optitrack_driver/mocap4r2_optitrack_driver_main
[6.260s] -- Symlinking: /home/mello/mocap4r2_ws/install/mocap4r2_optitrack_driver/lib/libmocap4r2_optitrack_driver.a
[6.265s] -- Symlinking: /home/mello/mocap4r2_ws/install/mocap4r2_optitrack_driver/share/mocap4r2_optitrack_driver/environment/library_path.sh
[6.270s] -- Symlinking: /home/mello/mocap4r2_ws/install/mocap4r2_optitrack_driver/share/mocap4r2_optitrack_driver/environment/library_path.dsv
[6.276s] -- Symlinking: /home/mello/mocap4r2_ws/install/mocap4r2_optitrack_driver/share/ament_index/resource_index/package_run_dependencies/mocap4r2_optitrack_driver
[6.281s] -- Symlinking: /home/mello/mocap4r2_ws/install/mocap4r2_optitrack_driver/share/ament_index/resource_index/parent_prefix_path/mocap4r2_optitrack_driver
[6.286s] -- Symlinking: /home/mello/mocap4r2_ws/install/mocap4r2_optitrack_driver/share/mocap4r2_optitrack_driver/environment/ament_prefix_path.sh
[6.292s] -- Symlinking: /home/mello/mocap4r2_ws/install/mocap4r2_optitrack_driver/share/mocap4r2_optitrack_driver/environment/ament_prefix_path.dsv
[6.296s] -- Symlinking: /home/mello/mocap4r2_ws/install/mocap4r2_optitrack_driver/share/mocap4r2_optitrack_driver/environment/path.sh
[6.302s] -- Symlinking: /home/mello/mocap4r2_ws/install/mocap4r2_optitrack_driver/share/mocap4r2_optitrack_driver/environment/path.dsv
[6.307s] -- Symlinking: /home/mello/mocap4r2_ws/install/mocap4r2_optitrack_driver/share/mocap4r2_optitrack_driver/local_setup.bash
[6.312s] -- Symlinking: /home/mello/mocap4r2_ws/install/mocap4r2_optitrack_driver/share/mocap4r2_optitrack_driver/local_setup.sh
[6.317s] -- Symlinking: /home/mello/mocap4r2_ws/install/mocap4r2_optitrack_driver/share/mocap4r2_optitrack_driver/local_setup.zsh
[6.322s] -- Symlinking: /home/mello/mocap4r2_ws/install/mocap4r2_optitrack_driver/share/mocap4r2_optitrack_driver/local_setup.dsv
[6.329s] -- Symlinking: /home/mello/mocap4r2_ws/install/mocap4r2_optitrack_driver/share/mocap4r2_optitrack_driver/package.dsv
[6.334s] -- Symlinking: /home/mello/mocap4r2_ws/install/mocap4r2_optitrack_driver/share/ament_index/resource_index/packages/mocap4r2_optitrack_driver
[6.339s] -- Symlinking: /home/mello/mocap4r2_ws/install/mocap4r2_optitrack_driver/share/mocap4r2_optitrack_driver/cmake/ament_cmake_export_include_directories-extras.cmake
[6.345s] -- Symlinking: /home/mello/mocap4r2_ws/install/mocap4r2_optitrack_driver/share/mocap4r2_optitrack_driver/cmake/ament_cmake_export_libraries-extras.cmake
[6.350s] -- Symlinking: /home/mello/mocap4r2_ws/install/mocap4r2_optitrack_driver/share/mocap4r2_optitrack_driver/cmake/ament_cmake_export_dependencies-extras.cmake
[6.355s] -- Symlinking: /home/mello/mocap4r2_ws/install/mocap4r2_optitrack_driver/share/mocap4r2_optitrack_driver/cmake/mocap4r2_optitrack_driverConfig.cmake
[6.361s] -- Symlinking: /home/mello/mocap4r2_ws/install/mocap4r2_optitrack_driver/share/mocap4r2_optitrack_driver/cmake/mocap4r2_optitrack_driverConfig-version.cmake
[6.366s] -- Symlinking: /home/mello/mocap4r2_ws/install/mocap4r2_optitrack_driver/share/mocap4r2_optitrack_driver/package.xml
[6.372s] Invoked command in '/home/mello/mocap4r2_ws/build/mocap4r2_optitrack_driver' returned '0': CMAKE_PREFIX_PATH=${CMAKE_PREFIX_PATH}:/opt/ros/humble /usr/bin/cmake --install /home/mello/mocap4r2_ws/build/mocap4r2_optitrack_driver
