[0.008s] Invoking command in '/home/mello/mocap4r2_ws/build/mocap4r2_dummy_driver': AMENT_PREFIX_PATH=/home/mello/mocap4r2_ws/install/mocap4r2_control:/home/mello/mocap4r2_ws/install/mocap4r2_control_msgs:${AMENT_PREFIX_PATH} CMAKE_PREFIX_PATH=/home/mello/mocap4r2_ws/install/mocap4r2_control:/home/mello/mocap4r2_ws/install/mocap4r2_msgs:/home/mello/mocap4r2_ws/install/mocap4r2_control_msgs:/home/mello/mocap4r2_ws/install/mocap4r2_optitrack_driver:/opt/ros/humble LD_LIBRARY_PATH=/home/mello/mocap4r2_ws/install/mocap4r2_control/lib:/home/mello/mocap4r2_ws/install/mocap4r2_msgs/lib:/home/mello/mocap4r2_ws/install/mocap4r2_control_msgs/lib:/home/mello/mocap4r2_ws/install/mocap4r2_optitrack_driver/lib:/opt/ros/humble/lib/x86_64-linux-gnu:/opt/ros/humble/lib PYTHONPATH=/home/mello/mocap4r2_ws/install/mocap4r2_control_msgs/local/lib/python3.10/dist-packages:${PYTHONPATH} /usr/bin/cmake /home/mello/mocap4r2_ws/src/mocap4r2/mocap4r2_dummy_driver -DAMENT_CMAKE_SYMLINK_INSTALL=1 -DCMAKE_INSTALL_PREFIX=/home/mello/mocap4r2_ws/install/mocap4r2_dummy_driver
[0.046s] -- The C compiler identification is GNU 11.4.0
[0.087s] -- The CXX compiler identification is GNU 11.4.0
[0.093s] -- Detecting C compiler ABI info
[0.139s] -- Detecting C compiler ABI info - done
[0.144s] -- Check for working C compiler: /usr/bin/cc - skipped
[0.144s] -- Detecting C compile features
[0.145s] -- Detecting C compile features - done
[0.147s] -- Detecting CXX compiler ABI info
[0.201s] -- Detecting CXX compiler ABI info - done
[0.211s] -- Check for working CXX compiler: /usr/bin/c++ - skipped
[0.211s] -- Detecting CXX compile features
[0.212s] -- Detecting CXX compile features - done
[0.214s] -- Found ament_cmake: 1.3.14 (/opt/ros/humble/share/ament_cmake/cmake)
[0.306s] -- Found Python3: /usr/bin/python3 (found version "3.10.12") found components: Interpreter 
[0.351s] -- Override CMake install command with custom implementation using symlinks instead of copying resources
[0.373s] -- Found rclcpp: 16.0.19 (/opt/ros/humble/share/rclcpp/cmake)
[0.397s] -- Found rosidl_generator_c: 3.1.8 (/opt/ros/humble/share/rosidl_generator_c/cmake)
[0.400s] -- Found rosidl_adapter: 3.1.8 (/opt/ros/humble/share/rosidl_adapter/cmake)
[0.406s] -- Found rosidl_generator_cpp: 3.1.8 (/opt/ros/humble/share/rosidl_generator_cpp/cmake)
[0.413s] -- Using all available rosidl_typesupport_c: rosidl_typesupport_fastrtps_c;rosidl_typesupport_introspection_c
[0.424s] -- Using all available rosidl_typesupport_cpp: rosidl_typesupport_fastrtps_cpp;rosidl_typesupport_introspection_cpp
[0.451s] -- Found rmw_implementation_cmake: 6.1.2 (/opt/ros/humble/share/rmw_implementation_cmake/cmake)
[0.452s] -- Found rmw_fastrtps_cpp: 6.2.10 (/opt/ros/humble/share/rmw_fastrtps_cpp/cmake)
[0.502s] -- Found OpenSSL: /usr/lib/x86_64-linux-gnu/libcrypto.so (found version "3.0.2")  
[0.515s] -- Found FastRTPS: /opt/ros/humble/include  
[0.536s] -- Using RMW implementation 'rmw_fastrtps_cpp' as default
[0.541s] -- Looking for pthread.h
[0.588s] -- Looking for pthread.h - found
[0.589s] -- Performing Test CMAKE_HAVE_LIBC_PTHREAD
[0.636s] -- Performing Test CMAKE_HAVE_LIBC_PTHREAD - Success
[0.637s] -- Found Threads: TRUE  
[0.670s] -- Found rclcpp_lifecycle: 16.0.19 (/opt/ros/humble/share/rclcpp_lifecycle/cmake)
[0.683s] -- Found mocap4r2_msgs: 0.2.0 (/home/mello/mocap4r2_ws/install/mocap4r2_msgs/share/mocap4r2_msgs/cmake)
[0.704s] -- Found mocap4r2_control: 0.0.7 (/home/mello/mocap4r2_ws/install/mocap4r2_control/share/mocap4r2_control/cmake)
[0.725s] -- Found ament_lint_auto: 0.12.15 (/opt/ros/humble/share/ament_lint_auto/cmake)
[0.785s] -- Added test 'copyright' to check source files copyright and LICENSE
[0.785s] -- Added test 'cppcheck' to perform static code analysis on C / C++ code
[0.785s] -- Configured cppcheck include dirs: /home/mello/mocap4r2_ws/src/mocap4r2/mocap4r2_dummy_driver/include
[0.786s] -- Configured cppcheck exclude dirs and/or files: 
[0.786s] -- Added test 'cpplint' to check C / C++ code against the Google style
[0.786s] -- Configured cpplint exclude dirs and/or files: 
[0.786s] -- Added test 'flake8' to check Python code syntax and style conventions
[0.787s] -- Added test 'lint_cmake' to check CMake code style
[0.787s] -- Added test 'pep257' to check Python code against some of the docstring style conventions in PEP 257
[0.788s] -- Added test 'uncrustify' to check C / C++ code style
[0.788s] -- Configured uncrustify additional arguments: 
[0.788s] -- Added test 'xmllint' to check XML markup files
[0.789s] -- Configuring done
[0.809s] -- Generating done
[0.812s] -- Build files have been written to: /home/mello/mocap4r2_ws/build/mocap4r2_dummy_driver
