[0.010s] Invoking command in '/home/mello/mocap4r2_ws/build/mocap4r2_robot_gt_msgs': CMAKE_PREFIX_PATH=${CMAKE_PREFIX_PATH}:/opt/ros/humble /usr/bin/cmake /home/mello/mocap4r2_ws/src/mocap4r2/mocap4r2_robot_gt/mocap4r2_robot_gt_msgs -DAMENT_CMAKE_SYMLINK_INSTALL=1 -DCMAKE_INSTALL_PREFIX=/home/mello/mocap4r2_ws/install/mocap4r2_robot_gt_msgs
[0.070s] -- The C compiler identification is GNU 11.4.0
[0.142s] -- The CXX compiler identification is GNU 11.4.0
[0.149s] -- Detecting C compiler ABI info
[0.210s] -- Detecting C compiler ABI info - done
[0.215s] -- Check for working C compiler: /usr/bin/cc - skipped
[0.215s] -- Detecting C compile features
[0.216s] -- Detecting C compile features - done
[0.218s] -- Detecting CXX compiler ABI info
[0.293s] -- Detecting CXX compiler ABI info - done
[0.302s] -- Check for working CXX compiler: /usr/bin/c++ - skipped
[0.303s] -- Detecting CXX compile features
[0.303s] -- Detecting CXX compile features - done
[0.305s] -- Found ament_cmake: 1.3.14 (/opt/ros/humble/share/ament_cmake/cmake)
[0.421s] -- Found Python3: /usr/bin/python3 (found version "3.10.12") found components: Interpreter 
[0.469s] -- Override CMake install command with custom implementation using symlinks instead of copying resources
[0.483s] -- Found rosidl_default_generators: 1.2.1 (/opt/ros/humble/share/rosidl_default_generators/cmake)
[0.485s] -- Using all available rosidl_typesupport_c: rosidl_typesupport_fastrtps_c;rosidl_typesupport_introspection_c
[0.489s] -- Found rosidl_adapter: 3.1.8 (/opt/ros/humble/share/rosidl_adapter/cmake)
[0.515s] -- Using all available rosidl_typesupport_cpp: rosidl_typesupport_fastrtps_cpp;rosidl_typesupport_introspection_cpp
[0.542s] -- Found builtin_interfaces: 1.2.2 (/opt/ros/humble/share/builtin_interfaces/cmake)
[0.551s] -- Found std_msgs: 4.9.1 (/opt/ros/humble/share/std_msgs/cmake)
[0.560s] -- Found geometry_msgs: 4.9.1 (/opt/ros/humble/share/geometry_msgs/cmake)
[0.783s] -- Found ament_cmake_ros: 0.10.0 (/opt/ros/humble/share/ament_cmake_ros/cmake)
[0.951s] -- Using all available rosidl_typesupport_c: rosidl_typesupport_fastrtps_c;rosidl_typesupport_introspection_c
[1.175s] -- Using all available rosidl_typesupport_cpp: rosidl_typesupport_fastrtps_cpp;rosidl_typesupport_introspection_cpp
[1.189s] -- Found PythonInterp: /usr/bin/python3 (found suitable version "3.10.12", minimum required is "3.6") 
[1.190s] -- Found python_cmake_module: 0.10.0 (/opt/ros/humble/share/python_cmake_module/cmake)
[1.206s] -- Found PythonLibs: /usr/lib/x86_64-linux-gnu/libpython3.10.so (found suitable version "3.10.12", minimum required is "3.5") 
[1.206s] -- Using PYTHON_EXECUTABLE: /usr/bin/python3
[1.206s] -- Using PYTHON_INCLUDE_DIRS: /usr/include/python3.10
[1.206s] -- Using PYTHON_LIBRARIES: /usr/lib/x86_64-linux-gnu/libpython3.10.so
[1.218s] -- Found PythonExtra: .so  
[1.329s] -- Configuring done
[1.362s] -- Generating done
[1.373s] -- Build files have been written to: /home/mello/mocap4r2_ws/build/mocap4r2_robot_gt_msgs
[1.385s] Invoked command in '/home/mello/mocap4r2_ws/build/mocap4r2_robot_gt_msgs' returned '0': CMAKE_PREFIX_PATH=${CMAKE_PREFIX_PATH}:/opt/ros/humble /usr/bin/cmake /home/mello/mocap4r2_ws/src/mocap4r2/mocap4r2_robot_gt/mocap4r2_robot_gt_msgs -DAMENT_CMAKE_SYMLINK_INSTALL=1 -DCMAKE_INSTALL_PREFIX=/home/mello/mocap4r2_ws/install/mocap4r2_robot_gt_msgs
[1.385s] Invoking command in '/home/mello/mocap4r2_ws/build/mocap4r2_robot_gt_msgs': CMAKE_PREFIX_PATH=${CMAKE_PREFIX_PATH}:/opt/ros/humble /usr/bin/cmake --build /home/mello/mocap4r2_ws/build/mocap4r2_robot_gt_msgs -- -j8 -l8
[1.435s] [  3%] [34m[1mGenerating C code for ROS interfaces[0m
[1.459s] [  6%] [34m[1mGenerating C++ code for ROS interfaces[0m
[1.468s] [  9%] [34m[1mGenerating Rust code for ROS interfaces[0m
[1.502s] [  9%] Built target ament_cmake_python_symlink_mocap4r2_robot_gt_msgs
[1.954s] [  9%] Built target mocap4r2_robot_gt_msgs__rs
[2.120s] [  9%] Built target mocap4r2_robot_gt_msgs__cpp
[2.126s] running egg_info
[2.127s] creating mocap4r2_robot_gt_msgs.egg-info
[2.129s] writing mocap4r2_robot_gt_msgs.egg-info/PKG-INFO
[2.130s] writing dependency_links to mocap4r2_robot_gt_msgs.egg-info/dependency_links.txt
[2.131s] writing top-level names to mocap4r2_robot_gt_msgs.egg-info/top_level.txt
[2.131s] writing manifest file 'mocap4r2_robot_gt_msgs.egg-info/SOURCES.txt'
[2.137s] reading manifest file 'mocap4r2_robot_gt_msgs.egg-info/SOURCES.txt'
[2.143s] writing manifest file 'mocap4r2_robot_gt_msgs.egg-info/SOURCES.txt'
[2.144s] [ 12%] [34m[1mGenerating C++ introspection for ROS interfaces[0m
[2.147s] [ 15%] [34m[1mGenerating C++ type support for eProsima Fast-RTPS[0m
[2.158s] [ 18%] [34m[1mGenerating C++ type support dispatch for ROS interfaces[0m
[2.221s] [ 18%] Built target ament_cmake_python_build_mocap4r2_robot_gt_msgs_egg
[2.288s] [ 21%] [32mBuilding C object CMakeFiles/mocap4r2_robot_gt_msgs__rosidl_generator_c.dir/rosidl_generator_c/mocap4r2_robot_gt_msgs/srv/detail/set_gt_origin__functions.c.o[0m
[2.389s] [ 25%] [32m[1mLinking C shared library libmocap4r2_robot_gt_msgs__rosidl_generator_c.so[0m
[2.483s] [ 25%] Built target mocap4r2_robot_gt_msgs__rosidl_generator_c
[2.515s] [ 28%] [34m[1mGenerating C type support for eProsima Fast-RTPS[0m
[2.516s] [ 31%] [34m[1mGenerating C introspection for ROS interfaces[0m
[2.522s] [ 34%] [34m[1mGenerating C type support dispatch for ROS interfaces[0m
[2.665s] [ 37%] [32mBuilding CXX object CMakeFiles/mocap4r2_robot_gt_msgs__rosidl_typesupport_cpp.dir/rosidl_typesupport_cpp/mocap4r2_robot_gt_msgs/srv/set_gt_origin__type_support.cpp.o[0m
[2.789s] [ 40%] [32mBuilding CXX object CMakeFiles/mocap4r2_robot_gt_msgs__rosidl_typesupport_introspection_cpp.dir/rosidl_typesupport_introspection_cpp/mocap4r2_robot_gt_msgs/srv/detail/set_gt_origin__type_support.cpp.o[0m
[2.857s] [ 43%] [32mBuilding CXX object CMakeFiles/mocap4r2_robot_gt_msgs__rosidl_typesupport_fastrtps_cpp.dir/rosidl_typesupport_fastrtps_cpp/mocap4r2_robot_gt_msgs/srv/detail/dds_fastrtps/set_gt_origin__type_support.cpp.o[0m
[3.085s] [ 46%] [32m[1mLinking CXX shared library libmocap4r2_robot_gt_msgs__rosidl_typesupport_cpp.so[0m
[3.225s] [ 46%] Built target mocap4r2_robot_gt_msgs__rosidl_typesupport_cpp
[3.557s] [ 50%] [32mBuilding CXX object CMakeFiles/mocap4r2_robot_gt_msgs__rosidl_typesupport_fastrtps_c.dir/rosidl_typesupport_fastrtps_c/mocap4r2_robot_gt_msgs/srv/detail/set_gt_origin__type_support_c.cpp.o[0m
[3.578s] [ 53%] [32mBuilding CXX object CMakeFiles/mocap4r2_robot_gt_msgs__rosidl_typesupport_c.dir/rosidl_typesupport_c/mocap4r2_robot_gt_msgs/srv/set_gt_origin__type_support.cpp.o[0m
[3.674s] [ 56%] [32mBuilding C object CMakeFiles/mocap4r2_robot_gt_msgs__rosidl_typesupport_introspection_c.dir/rosidl_typesupport_introspection_c/mocap4r2_robot_gt_msgs/srv/detail/set_gt_origin__type_support.c.o[0m
[3.728s] [ 59%] [32m[1mLinking CXX shared library libmocap4r2_robot_gt_msgs__rosidl_typesupport_c.so[0m
[3.824s] [ 62%] [32m[1mLinking C shared library libmocap4r2_robot_gt_msgs__rosidl_typesupport_introspection_c.so[0m
[3.867s] [ 62%] Built target mocap4r2_robot_gt_msgs__rosidl_typesupport_c
[3.938s] [ 62%] Built target mocap4r2_robot_gt_msgs__rosidl_typesupport_introspection_c
[4.234s] [ 65%] [32m[1mLinking CXX shared library libmocap4r2_robot_gt_msgs__rosidl_typesupport_introspection_cpp.so[0m
[4.314s] [ 65%] Built target mocap4r2_robot_gt_msgs__rosidl_typesupport_introspection_cpp
[4.484s] [ 68%] [32m[1mLinking CXX shared library libmocap4r2_robot_gt_msgs__rosidl_typesupport_fastrtps_cpp.so[0m
[4.693s] [ 68%] Built target mocap4r2_robot_gt_msgs__rosidl_typesupport_fastrtps_cpp
[4.838s] [ 71%] [32m[1mLinking CXX shared library libmocap4r2_robot_gt_msgs__rosidl_typesupport_fastrtps_c.so[0m
[4.976s] [ 71%] Built target mocap4r2_robot_gt_msgs__rosidl_typesupport_fastrtps_c
[4.999s] [ 71%] Built target mocap4r2_robot_gt_msgs
[5.017s] [ 75%] [34m[1mGenerating Python code for ROS interfaces[0m
[5.340s] [ 75%] Built target mocap4r2_robot_gt_msgs__py
[5.355s] [ 78%] [32mBuilding C object CMakeFiles/mocap4r2_robot_gt_msgs__rosidl_generator_py.dir/rosidl_generator_py/mocap4r2_robot_gt_msgs/srv/_set_gt_origin_s.c.o[0m
[5.438s] [ 81%] [32m[1mLinking C shared library rosidl_generator_py/mocap4r2_robot_gt_msgs/libmocap4r2_robot_gt_msgs__rosidl_generator_py.so[0m
[5.470s] [ 81%] Built target mocap4r2_robot_gt_msgs__rosidl_generator_py
[5.487s] [ 84%] [32mBuilding C object CMakeFiles/mocap4r2_robot_gt_msgs__rosidl_typesupport_introspection_c__pyext.dir/rosidl_generator_py/mocap4r2_robot_gt_msgs/_mocap4r2_robot_gt_msgs_s.ep.rosidl_typesupport_introspection_c.c.o[0m
[5.491s] [ 87%] [32mBuilding C object CMakeFiles/mocap4r2_robot_gt_msgs__rosidl_typesupport_c__pyext.dir/rosidl_generator_py/mocap4r2_robot_gt_msgs/_mocap4r2_robot_gt_msgs_s.ep.rosidl_typesupport_c.c.o[0m
[5.491s] [ 90%] [32mBuilding C object CMakeFiles/mocap4r2_robot_gt_msgs__rosidl_typesupport_fastrtps_c__pyext.dir/rosidl_generator_py/mocap4r2_robot_gt_msgs/_mocap4r2_robot_gt_msgs_s.ep.rosidl_typesupport_fastrtps_c.c.o[0m
[5.593s] [ 93%] [32m[1mLinking C shared library rosidl_generator_py/mocap4r2_robot_gt_msgs/mocap4r2_robot_gt_msgs_s__rosidl_typesupport_fastrtps_c.cpython-310-x86_64-linux-gnu.so[0m
[5.626s] [ 93%] Built target mocap4r2_robot_gt_msgs__rosidl_typesupport_fastrtps_c__pyext
[5.639s] [100%] [32m[1mLinking C shared library rosidl_generator_py/mocap4r2_robot_gt_msgs/mocap4r2_robot_gt_msgs_s__rosidl_typesupport_c.cpython-310-x86_64-linux-gnu.so[0m
[5.639s] [100%] [32m[1mLinking C shared library rosidl_generator_py/mocap4r2_robot_gt_msgs/mocap4r2_robot_gt_msgs_s__rosidl_typesupport_introspection_c.cpython-310-x86_64-linux-gnu.so[0m
[5.676s] [100%] Built target mocap4r2_robot_gt_msgs__rosidl_typesupport_c__pyext
[5.686s] [100%] Built target mocap4r2_robot_gt_msgs__rosidl_typesupport_introspection_c__pyext
[5.701s] Invoked command in '/home/mello/mocap4r2_ws/build/mocap4r2_robot_gt_msgs' returned '0': CMAKE_PREFIX_PATH=${CMAKE_PREFIX_PATH}:/opt/ros/humble /usr/bin/cmake --build /home/mello/mocap4r2_ws/build/mocap4r2_robot_gt_msgs -- -j8 -l8
[5.701s] Invoking command in '/home/mello/mocap4r2_ws/build/mocap4r2_robot_gt_msgs': CMAKE_PREFIX_PATH=${CMAKE_PREFIX_PATH}:/opt/ros/humble /usr/bin/cmake --install /home/mello/mocap4r2_ws/build/mocap4r2_robot_gt_msgs
[5.710s] -- Install configuration: ""
[5.711s] -- Execute custom install script
[5.711s] -- Symlinking: /home/mello/mocap4r2_ws/install/mocap4r2_robot_gt_msgs/share/ament_index/resource_index/rosidl_interfaces/mocap4r2_robot_gt_msgs
[5.722s] -- Symlinking: /home/mello/mocap4r2_ws/install/mocap4r2_robot_gt_msgs/include/mocap4r2_robot_gt_msgs/mocap4r2_robot_gt_msgs/msg/rosidl_generator_c__visibility_control.h
[5.733s] -- Symlinking: /home/mello/mocap4r2_ws/install/mocap4r2_robot_gt_msgs/include/mocap4r2_robot_gt_msgs/mocap4r2_robot_gt_msgs/srv/detail/set_gt_origin__functions.h
[5.743s] -- Symlinking: /home/mello/mocap4r2_ws/install/mocap4r2_robot_gt_msgs/include/mocap4r2_robot_gt_msgs/mocap4r2_robot_gt_msgs/srv/detail/set_gt_origin__struct.h
[5.752s] -- Symlinking: /home/mello/mocap4r2_ws/install/mocap4r2_robot_gt_msgs/include/mocap4r2_robot_gt_msgs/mocap4r2_robot_gt_msgs/srv/detail/set_gt_origin__type_support.h
[5.761s] -- Symlinking: /home/mello/mocap4r2_ws/install/mocap4r2_robot_gt_msgs/include/mocap4r2_robot_gt_msgs/mocap4r2_robot_gt_msgs/srv/set_gt_origin.h
[5.768s] -- Symlinking: /home/mello/mocap4r2_ws/install/mocap4r2_robot_gt_msgs/share/mocap4r2_robot_gt_msgs/environment/library_path.sh
[5.774s] -- Symlinking: /home/mello/mocap4r2_ws/install/mocap4r2_robot_gt_msgs/share/mocap4r2_robot_gt_msgs/environment/library_path.dsv
[5.781s] -- Symlinking: /home/mello/mocap4r2_ws/install/mocap4r2_robot_gt_msgs/include/mocap4r2_robot_gt_msgs/mocap4r2_robot_gt_msgs/msg/rosidl_typesupport_fastrtps_c__visibility_control.h
[5.790s] -- Symlinking: /home/mello/mocap4r2_ws/install/mocap4r2_robot_gt_msgs/include/mocap4r2_robot_gt_msgs/mocap4r2_robot_gt_msgs/srv/detail/set_gt_origin__rosidl_typesupport_fastrtps_c.h
[5.799s] -- Symlinking: /home/mello/mocap4r2_ws/install/mocap4r2_robot_gt_msgs/include/mocap4r2_robot_gt_msgs/mocap4r2_robot_gt_msgs/msg/rosidl_typesupport_introspection_c__visibility_control.h
[5.808s] -- Symlinking: /home/mello/mocap4r2_ws/install/mocap4r2_robot_gt_msgs/include/mocap4r2_robot_gt_msgs/mocap4r2_robot_gt_msgs/srv/detail/set_gt_origin__rosidl_typesupport_introspection_c.h
[5.828s] -- Symlinking: /home/mello/mocap4r2_ws/install/mocap4r2_robot_gt_msgs/include/mocap4r2_robot_gt_msgs/mocap4r2_robot_gt_msgs/msg/rosidl_generator_cpp__visibility_control.hpp
[5.842s] -- Symlinking: /home/mello/mocap4r2_ws/install/mocap4r2_robot_gt_msgs/include/mocap4r2_robot_gt_msgs/mocap4r2_robot_gt_msgs/srv/detail/set_gt_origin__builder.hpp
[5.852s] -- Symlinking: /home/mello/mocap4r2_ws/install/mocap4r2_robot_gt_msgs/include/mocap4r2_robot_gt_msgs/mocap4r2_robot_gt_msgs/srv/detail/set_gt_origin__struct.hpp
[5.864s] -- Symlinking: /home/mello/mocap4r2_ws/install/mocap4r2_robot_gt_msgs/include/mocap4r2_robot_gt_msgs/mocap4r2_robot_gt_msgs/srv/detail/set_gt_origin__traits.hpp
[5.876s] -- Symlinking: /home/mello/mocap4r2_ws/install/mocap4r2_robot_gt_msgs/include/mocap4r2_robot_gt_msgs/mocap4r2_robot_gt_msgs/srv/detail/set_gt_origin__type_support.hpp
[5.891s] -- Symlinking: /home/mello/mocap4r2_ws/install/mocap4r2_robot_gt_msgs/include/mocap4r2_robot_gt_msgs/mocap4r2_robot_gt_msgs/srv/set_gt_origin.hpp
[5.898s] -- Symlinking: /home/mello/mocap4r2_ws/install/mocap4r2_robot_gt_msgs/include/mocap4r2_robot_gt_msgs/mocap4r2_robot_gt_msgs/msg/rosidl_typesupport_fastrtps_cpp__visibility_control.h
[5.912s] -- Symlinking: /home/mello/mocap4r2_ws/install/mocap4r2_robot_gt_msgs/include/mocap4r2_robot_gt_msgs/mocap4r2_robot_gt_msgs/srv/detail/set_gt_origin__rosidl_typesupport_fastrtps_cpp.hpp
[5.923s] -- Symlinking: /home/mello/mocap4r2_ws/install/mocap4r2_robot_gt_msgs/include/mocap4r2_robot_gt_msgs/mocap4r2_robot_gt_msgs/srv/detail/set_gt_origin__rosidl_typesupport_introspection_cpp.hpp
[5.934s] -- Symlinking: /home/mello/mocap4r2_ws/install/mocap4r2_robot_gt_msgs/share/mocap4r2_robot_gt_msgs/environment/pythonpath.sh
[5.947s] -- Symlinking: /home/mello/mocap4r2_ws/install/mocap4r2_robot_gt_msgs/share/mocap4r2_robot_gt_msgs/environment/pythonpath.dsv
[5.959s] -- Symlinking: /home/mello/mocap4r2_ws/install/mocap4r2_robot_gt_msgs/local/lib/python3.10/dist-packages/mocap4r2_robot_gt_msgs-0.0.7-py3.10.egg-info/PKG-INFO
[5.969s] -- Symlinking: /home/mello/mocap4r2_ws/install/mocap4r2_robot_gt_msgs/local/lib/python3.10/dist-packages/mocap4r2_robot_gt_msgs-0.0.7-py3.10.egg-info/SOURCES.txt
[5.983s] -- Symlinking: /home/mello/mocap4r2_ws/install/mocap4r2_robot_gt_msgs/local/lib/python3.10/dist-packages/mocap4r2_robot_gt_msgs-0.0.7-py3.10.egg-info/dependency_links.txt
[5.994s] -- Symlinking: /home/mello/mocap4r2_ws/install/mocap4r2_robot_gt_msgs/local/lib/python3.10/dist-packages/mocap4r2_robot_gt_msgs-0.0.7-py3.10.egg-info/top_level.txt
[6.006s] -- Symlinking: /home/mello/mocap4r2_ws/install/mocap4r2_robot_gt_msgs/local/lib/python3.10/dist-packages/mocap4r2_robot_gt_msgs/__init__.py
[6.015s] -- Symlinking: /home/mello/mocap4r2_ws/install/mocap4r2_robot_gt_msgs/local/lib/python3.10/dist-packages/mocap4r2_robot_gt_msgs/_mocap4r2_robot_gt_msgs_s.ep.rosidl_typesupport_c.c
[6.025s] -- Symlinking: /home/mello/mocap4r2_ws/install/mocap4r2_robot_gt_msgs/local/lib/python3.10/dist-packages/mocap4r2_robot_gt_msgs/_mocap4r2_robot_gt_msgs_s.ep.rosidl_typesupport_fastrtps_c.c
[6.035s] -- Symlinking: /home/mello/mocap4r2_ws/install/mocap4r2_robot_gt_msgs/local/lib/python3.10/dist-packages/mocap4r2_robot_gt_msgs/_mocap4r2_robot_gt_msgs_s.ep.rosidl_typesupport_introspection_c.c
[6.042s] -- Symlinking: /home/mello/mocap4r2_ws/install/mocap4r2_robot_gt_msgs/local/lib/python3.10/dist-packages/mocap4r2_robot_gt_msgs/libmocap4r2_robot_gt_msgs__rosidl_generator_py.so
[6.049s] -- Symlinking: /home/mello/mocap4r2_ws/install/mocap4r2_robot_gt_msgs/local/lib/python3.10/dist-packages/mocap4r2_robot_gt_msgs/mocap4r2_robot_gt_msgs_s__rosidl_typesupport_c.cpython-310-x86_64-linux-gnu.so
[6.055s] -- Symlinking: /home/mello/mocap4r2_ws/install/mocap4r2_robot_gt_msgs/local/lib/python3.10/dist-packages/mocap4r2_robot_gt_msgs/mocap4r2_robot_gt_msgs_s__rosidl_typesupport_fastrtps_c.cpython-310-x86_64-linux-gnu.so
[6.077s] -- Symlinking: /home/mello/mocap4r2_ws/install/mocap4r2_robot_gt_msgs/local/lib/python3.10/dist-packages/mocap4r2_robot_gt_msgs/mocap4r2_robot_gt_msgs_s__rosidl_typesupport_introspection_c.cpython-310-x86_64-linux-gnu.so
[6.083s] -- Symlinking: /home/mello/mocap4r2_ws/install/mocap4r2_robot_gt_msgs/local/lib/python3.10/dist-packages/mocap4r2_robot_gt_msgs/srv/__init__.py
[6.090s] -- Symlinking: /home/mello/mocap4r2_ws/install/mocap4r2_robot_gt_msgs/local/lib/python3.10/dist-packages/mocap4r2_robot_gt_msgs/srv/_set_gt_origin.py
[6.097s] -- Symlinking: /home/mello/mocap4r2_ws/install/mocap4r2_robot_gt_msgs/local/lib/python3.10/dist-packages/mocap4r2_robot_gt_msgs/srv/_set_gt_origin_s.c
[6.104s] -- Up-to-date symlink: /home/mello/mocap4r2_ws/install/mocap4r2_robot_gt_msgs/local/lib/python3.10/dist-packages/mocap4r2_robot_gt_msgs/mocap4r2_robot_gt_msgs_s__rosidl_typesupport_fastrtps_c.cpython-310-x86_64-linux-gnu.so
[6.104s] -- Up-to-date symlink: /home/mello/mocap4r2_ws/install/mocap4r2_robot_gt_msgs/local/lib/python3.10/dist-packages/mocap4r2_robot_gt_msgs/mocap4r2_robot_gt_msgs_s__rosidl_typesupport_introspection_c.cpython-310-x86_64-linux-gnu.so
[6.104s] -- Up-to-date symlink: /home/mello/mocap4r2_ws/install/mocap4r2_robot_gt_msgs/local/lib/python3.10/dist-packages/mocap4r2_robot_gt_msgs/mocap4r2_robot_gt_msgs_s__rosidl_typesupport_c.cpython-310-x86_64-linux-gnu.so
[6.104s] -- Symlinking: /home/mello/mocap4r2_ws/install/mocap4r2_robot_gt_msgs/share/ament_index/resource_index/rust_packages/mocap4r2_robot_gt_msgs
[6.110s] -- Symlinking: /home/mello/mocap4r2_ws/install/mocap4r2_robot_gt_msgs/share/mocap4r2_robot_gt_msgs/rust/Cargo.toml
[6.116s] -- Symlinking: /home/mello/mocap4r2_ws/install/mocap4r2_robot_gt_msgs/share/mocap4r2_robot_gt_msgs/rust/build.rs
[6.122s] -- Symlinking: /home/mello/mocap4r2_ws/install/mocap4r2_robot_gt_msgs/share/mocap4r2_robot_gt_msgs/rust/src/lib.rs
[6.128s] -- Symlinking: /home/mello/mocap4r2_ws/install/mocap4r2_robot_gt_msgs/share/mocap4r2_robot_gt_msgs/rust/src/srv.rs
[6.134s] -- Symlinking: /home/mello/mocap4r2_ws/install/mocap4r2_robot_gt_msgs/share/mocap4r2_robot_gt_msgs/rust/src/srv/rmw.rs
[6.140s] -- Symlinking: /home/mello/mocap4r2_ws/install/mocap4r2_robot_gt_msgs/share/mocap4r2_robot_gt_msgs/srv/SetGTOrigin.idl
[6.148s] -- Symlinking: /home/mello/mocap4r2_ws/install/mocap4r2_robot_gt_msgs/share/mocap4r2_robot_gt_msgs/srv/SetGTOrigin.srv
[6.154s] -- Symlinking: /home/mello/mocap4r2_ws/install/mocap4r2_robot_gt_msgs/share/mocap4r2_robot_gt_msgs/srv/SetGTOrigin_Request.msg
[6.160s] -- Symlinking: /home/mello/mocap4r2_ws/install/mocap4r2_robot_gt_msgs/share/mocap4r2_robot_gt_msgs/srv/SetGTOrigin_Response.msg
[6.166s] -- Symlinking: /home/mello/mocap4r2_ws/install/mocap4r2_robot_gt_msgs/share/ament_index/resource_index/package_run_dependencies/mocap4r2_robot_gt_msgs
[6.173s] -- Symlinking: /home/mello/mocap4r2_ws/install/mocap4r2_robot_gt_msgs/share/ament_index/resource_index/parent_prefix_path/mocap4r2_robot_gt_msgs
[6.179s] -- Symlinking: /home/mello/mocap4r2_ws/install/mocap4r2_robot_gt_msgs/share/mocap4r2_robot_gt_msgs/environment/ament_prefix_path.sh
[6.185s] -- Symlinking: /home/mello/mocap4r2_ws/install/mocap4r2_robot_gt_msgs/share/mocap4r2_robot_gt_msgs/environment/ament_prefix_path.dsv
[6.190s] -- Symlinking: /home/mello/mocap4r2_ws/install/mocap4r2_robot_gt_msgs/share/mocap4r2_robot_gt_msgs/environment/path.sh
[6.204s] -- Symlinking: /home/mello/mocap4r2_ws/install/mocap4r2_robot_gt_msgs/share/mocap4r2_robot_gt_msgs/environment/path.dsv
[6.210s] -- Symlinking: /home/mello/mocap4r2_ws/install/mocap4r2_robot_gt_msgs/share/mocap4r2_robot_gt_msgs/local_setup.bash
[6.216s] -- Symlinking: /home/mello/mocap4r2_ws/install/mocap4r2_robot_gt_msgs/share/mocap4r2_robot_gt_msgs/local_setup.sh
[6.222s] -- Symlinking: /home/mello/mocap4r2_ws/install/mocap4r2_robot_gt_msgs/share/mocap4r2_robot_gt_msgs/local_setup.zsh
[6.229s] -- Symlinking: /home/mello/mocap4r2_ws/install/mocap4r2_robot_gt_msgs/share/mocap4r2_robot_gt_msgs/local_setup.dsv
[6.235s] -- Symlinking: /home/mello/mocap4r2_ws/install/mocap4r2_robot_gt_msgs/share/mocap4r2_robot_gt_msgs/package.dsv
[6.242s] -- Symlinking: /home/mello/mocap4r2_ws/install/mocap4r2_robot_gt_msgs/share/ament_index/resource_index/packages/mocap4r2_robot_gt_msgs
[6.248s] -- Symlinking: /home/mello/mocap4r2_ws/install/mocap4r2_robot_gt_msgs/share/mocap4r2_robot_gt_msgs/cmake/rosidl_cmake-extras.cmake
[6.254s] -- Symlinking: /home/mello/mocap4r2_ws/install/mocap4r2_robot_gt_msgs/share/mocap4r2_robot_gt_msgs/cmake/ament_cmake_export_dependencies-extras.cmake
[6.261s] -- Symlinking: /home/mello/mocap4r2_ws/install/mocap4r2_robot_gt_msgs/share/mocap4r2_robot_gt_msgs/cmake/ament_cmake_export_include_directories-extras.cmake
[6.267s] -- Symlinking: /home/mello/mocap4r2_ws/install/mocap4r2_robot_gt_msgs/share/mocap4r2_robot_gt_msgs/cmake/ament_cmake_export_libraries-extras.cmake
[6.273s] -- Symlinking: /home/mello/mocap4r2_ws/install/mocap4r2_robot_gt_msgs/share/mocap4r2_robot_gt_msgs/cmake/ament_cmake_export_targets-extras.cmake
[6.279s] -- Symlinking: /home/mello/mocap4r2_ws/install/mocap4r2_robot_gt_msgs/share/mocap4r2_robot_gt_msgs/cmake/rosidl_cmake_export_typesupport_targets-extras.cmake
[6.286s] -- Symlinking: /home/mello/mocap4r2_ws/install/mocap4r2_robot_gt_msgs/share/mocap4r2_robot_gt_msgs/cmake/rosidl_cmake_export_typesupport_libraries-extras.cmake
[6.293s] -- Symlinking: /home/mello/mocap4r2_ws/install/mocap4r2_robot_gt_msgs/share/mocap4r2_robot_gt_msgs/cmake/mocap4r2_robot_gt_msgsConfig.cmake
[6.299s] -- Symlinking: /home/mello/mocap4r2_ws/install/mocap4r2_robot_gt_msgs/share/mocap4r2_robot_gt_msgs/cmake/mocap4r2_robot_gt_msgsConfig-version.cmake
[6.305s] -- Symlinking: /home/mello/mocap4r2_ws/install/mocap4r2_robot_gt_msgs/share/mocap4r2_robot_gt_msgs/package.xml
[6.311s] -- Installing: /home/mello/mocap4r2_ws/install/mocap4r2_robot_gt_msgs/lib/libmocap4r2_robot_gt_msgs__rosidl_generator_c.so
[6.311s] -- Set runtime path of "/home/mello/mocap4r2_ws/install/mocap4r2_robot_gt_msgs/lib/libmocap4r2_robot_gt_msgs__rosidl_generator_c.so" to ""
[6.312s] -- Installing: /home/mello/mocap4r2_ws/install/mocap4r2_robot_gt_msgs/lib/libmocap4r2_robot_gt_msgs__rosidl_typesupport_fastrtps_c.so
[6.312s] -- Set runtime path of "/home/mello/mocap4r2_ws/install/mocap4r2_robot_gt_msgs/lib/libmocap4r2_robot_gt_msgs__rosidl_typesupport_fastrtps_c.so" to ""
[6.312s] -- Installing: /home/mello/mocap4r2_ws/install/mocap4r2_robot_gt_msgs/lib/libmocap4r2_robot_gt_msgs__rosidl_typesupport_introspection_c.so
[6.312s] -- Set runtime path of "/home/mello/mocap4r2_ws/install/mocap4r2_robot_gt_msgs/lib/libmocap4r2_robot_gt_msgs__rosidl_typesupport_introspection_c.so" to ""
[6.312s] -- Installing: /home/mello/mocap4r2_ws/install/mocap4r2_robot_gt_msgs/lib/libmocap4r2_robot_gt_msgs__rosidl_typesupport_c.so
[6.312s] -- Set runtime path of "/home/mello/mocap4r2_ws/install/mocap4r2_robot_gt_msgs/lib/libmocap4r2_robot_gt_msgs__rosidl_typesupport_c.so" to ""
[6.312s] -- Installing: /home/mello/mocap4r2_ws/install/mocap4r2_robot_gt_msgs/lib/libmocap4r2_robot_gt_msgs__rosidl_typesupport_fastrtps_cpp.so
[6.312s] -- Set runtime path of "/home/mello/mocap4r2_ws/install/mocap4r2_robot_gt_msgs/lib/libmocap4r2_robot_gt_msgs__rosidl_typesupport_fastrtps_cpp.so" to ""
[6.312s] -- Installing: /home/mello/mocap4r2_ws/install/mocap4r2_robot_gt_msgs/lib/libmocap4r2_robot_gt_msgs__rosidl_typesupport_introspection_cpp.so
[6.313s] -- Set runtime path of "/home/mello/mocap4r2_ws/install/mocap4r2_robot_gt_msgs/lib/libmocap4r2_robot_gt_msgs__rosidl_typesupport_introspection_cpp.so" to ""
[6.313s] -- Installing: /home/mello/mocap4r2_ws/install/mocap4r2_robot_gt_msgs/lib/libmocap4r2_robot_gt_msgs__rosidl_typesupport_cpp.so
[6.313s] -- Set runtime path of "/home/mello/mocap4r2_ws/install/mocap4r2_robot_gt_msgs/lib/libmocap4r2_robot_gt_msgs__rosidl_typesupport_cpp.so" to ""
[6.339s] Listing '/home/mello/mocap4r2_ws/install/mocap4r2_robot_gt_msgs/local/lib/python3.10/dist-packages/mocap4r2_robot_gt_msgs'...
[6.340s] Compiling '/home/mello/mocap4r2_ws/install/mocap4r2_robot_gt_msgs/local/lib/python3.10/dist-packages/mocap4r2_robot_gt_msgs/__init__.py'...
[6.340s] Listing '/home/mello/mocap4r2_ws/install/mocap4r2_robot_gt_msgs/local/lib/python3.10/dist-packages/mocap4r2_robot_gt_msgs/srv'...
[6.340s] Compiling '/home/mello/mocap4r2_ws/install/mocap4r2_robot_gt_msgs/local/lib/python3.10/dist-packages/mocap4r2_robot_gt_msgs/srv/__init__.py'...
[6.340s] Compiling '/home/mello/mocap4r2_ws/install/mocap4r2_robot_gt_msgs/local/lib/python3.10/dist-packages/mocap4r2_robot_gt_msgs/srv/_set_gt_origin.py'...
[6.343s] -- Installing: /home/mello/mocap4r2_ws/install/mocap4r2_robot_gt_msgs/lib/libmocap4r2_robot_gt_msgs__rosidl_generator_py.so
[6.343s] -- Set runtime path of "/home/mello/mocap4r2_ws/install/mocap4r2_robot_gt_msgs/lib/libmocap4r2_robot_gt_msgs__rosidl_generator_py.so" to ""
[6.344s] -- Installing: /home/mello/mocap4r2_ws/install/mocap4r2_robot_gt_msgs/share/mocap4r2_robot_gt_msgs/cmake/export_mocap4r2_robot_gt_msgs__rosidl_generator_cExport.cmake
[6.344s] -- Installing: /home/mello/mocap4r2_ws/install/mocap4r2_robot_gt_msgs/share/mocap4r2_robot_gt_msgs/cmake/export_mocap4r2_robot_gt_msgs__rosidl_generator_cExport-noconfig.cmake
[6.344s] -- Installing: /home/mello/mocap4r2_ws/install/mocap4r2_robot_gt_msgs/share/mocap4r2_robot_gt_msgs/cmake/export_mocap4r2_robot_gt_msgs__rosidl_typesupport_fastrtps_cExport.cmake
[6.344s] -- Installing: /home/mello/mocap4r2_ws/install/mocap4r2_robot_gt_msgs/share/mocap4r2_robot_gt_msgs/cmake/export_mocap4r2_robot_gt_msgs__rosidl_typesupport_fastrtps_cExport-noconfig.cmake
[6.344s] -- Installing: /home/mello/mocap4r2_ws/install/mocap4r2_robot_gt_msgs/share/mocap4r2_robot_gt_msgs/cmake/mocap4r2_robot_gt_msgs__rosidl_typesupport_introspection_cExport.cmake
[6.344s] -- Installing: /home/mello/mocap4r2_ws/install/mocap4r2_robot_gt_msgs/share/mocap4r2_robot_gt_msgs/cmake/mocap4r2_robot_gt_msgs__rosidl_typesupport_introspection_cExport-noconfig.cmake
[6.344s] -- Installing: /home/mello/mocap4r2_ws/install/mocap4r2_robot_gt_msgs/share/mocap4r2_robot_gt_msgs/cmake/mocap4r2_robot_gt_msgs__rosidl_typesupport_cExport.cmake
[6.344s] -- Installing: /home/mello/mocap4r2_ws/install/mocap4r2_robot_gt_msgs/share/mocap4r2_robot_gt_msgs/cmake/mocap4r2_robot_gt_msgs__rosidl_typesupport_cExport-noconfig.cmake
[6.344s] -- Installing: /home/mello/mocap4r2_ws/install/mocap4r2_robot_gt_msgs/share/mocap4r2_robot_gt_msgs/cmake/export_mocap4r2_robot_gt_msgs__rosidl_generator_cppExport.cmake
[6.344s] -- Installing: /home/mello/mocap4r2_ws/install/mocap4r2_robot_gt_msgs/share/mocap4r2_robot_gt_msgs/cmake/export_mocap4r2_robot_gt_msgs__rosidl_typesupport_fastrtps_cppExport.cmake
[6.345s] -- Installing: /home/mello/mocap4r2_ws/install/mocap4r2_robot_gt_msgs/share/mocap4r2_robot_gt_msgs/cmake/export_mocap4r2_robot_gt_msgs__rosidl_typesupport_fastrtps_cppExport-noconfig.cmake
[6.345s] -- Installing: /home/mello/mocap4r2_ws/install/mocap4r2_robot_gt_msgs/share/mocap4r2_robot_gt_msgs/cmake/mocap4r2_robot_gt_msgs__rosidl_typesupport_introspection_cppExport.cmake
[6.345s] -- Installing: /home/mello/mocap4r2_ws/install/mocap4r2_robot_gt_msgs/share/mocap4r2_robot_gt_msgs/cmake/mocap4r2_robot_gt_msgs__rosidl_typesupport_introspection_cppExport-noconfig.cmake
[6.345s] -- Installing: /home/mello/mocap4r2_ws/install/mocap4r2_robot_gt_msgs/share/mocap4r2_robot_gt_msgs/cmake/mocap4r2_robot_gt_msgs__rosidl_typesupport_cppExport.cmake
[6.345s] -- Installing: /home/mello/mocap4r2_ws/install/mocap4r2_robot_gt_msgs/share/mocap4r2_robot_gt_msgs/cmake/mocap4r2_robot_gt_msgs__rosidl_typesupport_cppExport-noconfig.cmake
[6.345s] -- Installing: /home/mello/mocap4r2_ws/install/mocap4r2_robot_gt_msgs/share/mocap4r2_robot_gt_msgs/cmake/export_mocap4r2_robot_gt_msgs__rosidl_generator_pyExport.cmake
[6.345s] -- Installing: /home/mello/mocap4r2_ws/install/mocap4r2_robot_gt_msgs/share/mocap4r2_robot_gt_msgs/cmake/export_mocap4r2_robot_gt_msgs__rosidl_generator_pyExport-noconfig.cmake
[6.348s] Invoked command in '/home/mello/mocap4r2_ws/build/mocap4r2_robot_gt_msgs' returned '0': CMAKE_PREFIX_PATH=${CMAKE_PREFIX_PATH}:/opt/ros/humble /usr/bin/cmake --install /home/mello/mocap4r2_ws/build/mocap4r2_robot_gt_msgs
