[0.006s] Invoking command in '/home/mello/mocap4r2_ws/build/mocap4r2_msgs': CMAKE_PREFIX_PATH=${CMAKE_PREFIX_PATH}:/opt/ros/humble /usr/bin/cmake /home/mello/mocap4r2_ws/src/mocap4r2_msgs -DAMENT_CMAKE_SYMLINK_INSTALL=1 -DCMAKE_INSTALL_PREFIX=/home/mello/mocap4r2_ws/install/mocap4r2_msgs
[0.038s] -- The C compiler identification is GNU 11.4.0
[0.073s] -- The CXX compiler identification is GNU 11.4.0
[0.078s] -- Detecting C compiler ABI info
[0.121s] -- Detecting C compiler ABI info - done
[0.126s] -- Check for working C compiler: /usr/bin/cc - skipped
[0.126s] -- Detecting C compile features
[0.126s] -- Detecting C compile features - done
[0.128s] -- Detecting CXX compiler ABI info
[0.181s] -- Detecting CXX compiler ABI info - done
[0.186s] -- Check for working CXX compiler: /usr/bin/c++ - skipped
[0.186s] -- Detecting CXX compile features
[0.186s] -- Detecting CXX compile features - done
[0.187s] -- Found ament_cmake: 1.3.14 (/opt/ros/humble/share/ament_cmake/cmake)
[0.267s] -- Found Python3: /usr/bin/python3 (found version "3.10.12") found components: Interpreter 
[0.304s] -- Override CMake install command with custom implementation using symlinks instead of copying resources
[0.314s] -- Found rosidl_default_generators: 1.2.1 (/opt/ros/humble/share/rosidl_default_generators/cmake)
[0.315s] -- Using all available rosidl_typesupport_c: rosidl_typesupport_fastrtps_c;rosidl_typesupport_introspection_c
[0.318s] -- Found rosidl_adapter: 3.1.8 (/opt/ros/humble/share/rosidl_adapter/cmake)
[0.337s] -- Using all available rosidl_typesupport_cpp: rosidl_typesupport_fastrtps_cpp;rosidl_typesupport_introspection_cpp
[0.355s] -- Found builtin_interfaces: 1.2.2 (/opt/ros/humble/share/builtin_interfaces/cmake)
[0.362s] -- Found std_msgs: 4.9.1 (/opt/ros/humble/share/std_msgs/cmake)
[0.369s] -- Found geometry_msgs: 4.9.1 (/opt/ros/humble/share/geometry_msgs/cmake)
[0.559s] -- Found ament_cmake_ros: 0.10.0 (/opt/ros/humble/share/ament_cmake_ros/cmake)
[0.695s] -- Using all available rosidl_typesupport_c: rosidl_typesupport_fastrtps_c;rosidl_typesupport_introspection_c
[0.878s] -- Using all available rosidl_typesupport_cpp: rosidl_typesupport_fastrtps_cpp;rosidl_typesupport_introspection_cpp
[0.888s] -- Found PythonInterp: /usr/bin/python3 (found suitable version "3.10.12", minimum required is "3.6") 
[0.889s] -- Found python_cmake_module: 0.10.0 (/opt/ros/humble/share/python_cmake_module/cmake)
[0.900s] -- Found PythonLibs: /usr/lib/x86_64-linux-gnu/libpython3.10.so (found suitable version "3.10.12", minimum required is "3.5") 
[0.900s] -- Using PYTHON_EXECUTABLE: /usr/bin/python3
[0.900s] -- Using PYTHON_INCLUDE_DIRS: /usr/include/python3.10
[0.900s] -- Using PYTHON_LIBRARIES: /usr/lib/x86_64-linux-gnu/libpython3.10.so
[0.910s] -- Found PythonExtra: .so  
[0.996s] -- Configuring done
[1.020s] -- Generating done
[1.027s] -- Build files have been written to: /home/mello/mocap4r2_ws/build/mocap4r2_msgs
[1.033s] Invoked command in '/home/mello/mocap4r2_ws/build/mocap4r2_msgs' returned '0': CMAKE_PREFIX_PATH=${CMAKE_PREFIX_PATH}:/opt/ros/humble /usr/bin/cmake /home/mello/mocap4r2_ws/src/mocap4r2_msgs -DAMENT_CMAKE_SYMLINK_INSTALL=1 -DCMAKE_INSTALL_PREFIX=/home/mello/mocap4r2_ws/install/mocap4r2_msgs
[1.033s] Invoking command in '/home/mello/mocap4r2_ws/build/mocap4r2_msgs': CMAKE_PREFIX_PATH=${CMAKE_PREFIX_PATH}:/opt/ros/humble /usr/bin/cmake --build /home/mello/mocap4r2_ws/build/mocap4r2_msgs -- -j8 -l8
[1.057s] [  1%] [34m[1mGenerating C code for ROS interfaces[0m
[1.064s] [  4%] [34m[1mGenerating C++ code for ROS interfaces[0m
[1.064s] [  4%] [34m[1mGenerating Rust code for ROS interfaces[0m
[1.069s] [  4%] Built target ament_cmake_python_symlink_mocap4r2_msgs
[1.215s] running egg_info
[1.216s] creating mocap4r2_msgs.egg-info
[1.216s] writing mocap4r2_msgs.egg-info/PKG-INFO
[1.216s] writing dependency_links to mocap4r2_msgs.egg-info/dependency_links.txt
[1.216s] writing top-level names to mocap4r2_msgs.egg-info/top_level.txt
[1.216s] writing manifest file 'mocap4r2_msgs.egg-info/SOURCES.txt'
[1.217s] reading manifest file 'mocap4r2_msgs.egg-info/SOURCES.txt'
[1.218s] writing manifest file 'mocap4r2_msgs.egg-info/SOURCES.txt'
[1.238s] [  4%] Built target ament_cmake_python_build_mocap4r2_msgs_egg
[1.307s] [  4%] Built target mocap4r2_msgs__rs
[1.482s] [  4%] Built target mocap4r2_msgs__cpp
[1.482s] [  5%] [32mBuilding C object CMakeFiles/mocap4r2_msgs__rosidl_generator_c.dir/rosidl_generator_c/mocap4r2_msgs/msg/detail/markers__functions.c.o[0m
[1.484s] [  6%] [32mBuilding C object CMakeFiles/mocap4r2_msgs__rosidl_generator_c.dir/rosidl_generator_c/mocap4r2_msgs/msg/detail/marker__functions.c.o[0m
[1.484s] [  9%] [32mBuilding C object CMakeFiles/mocap4r2_msgs__rosidl_generator_c.dir/rosidl_generator_c/mocap4r2_msgs/msg/detail/rigid_body__functions.c.o[0m
[1.484s] [  9%] [32mBuilding C object CMakeFiles/mocap4r2_msgs__rosidl_generator_c.dir/rosidl_generator_c/mocap4r2_msgs/msg/detail/imus_info__functions.c.o[0m
[1.484s] [ 11%] [32mBuilding C object CMakeFiles/mocap4r2_msgs__rosidl_generator_c.dir/rosidl_generator_c/mocap4r2_msgs/msg/detail/rigid_bodies__functions.c.o[0m
[1.484s] [ 12%] [32mBuilding C object CMakeFiles/mocap4r2_msgs__rosidl_generator_c.dir/rosidl_generator_c/mocap4r2_msgs/srv/detail/create_rigid_body__functions.c.o[0m
[1.493s] [ 15%] [34m[1mGenerating C++ introspection for ROS interfaces[0m
[1.493s] [ 15%] [34m[1mGenerating C++ type support for eProsima Fast-RTPS[0m
[1.539s] [ 16%] [34m[1mGenerating C++ type support dispatch for ROS interfaces[0m
[1.553s] [ 18%] [32m[1mLinking C shared library libmocap4r2_msgs__rosidl_generator_c.so[0m
[1.582s] [ 18%] Built target mocap4r2_msgs__rosidl_generator_c
[1.590s] [ 19%] [34m[1mGenerating C type support for eProsima Fast-RTPS[0m
[1.593s] [ 22%] [34m[1mGenerating C type support dispatch for ROS interfaces[0m
[1.593s] [ 22%] [34m[1mGenerating C introspection for ROS interfaces[0m
[1.851s] [ 25%] [32mBuilding CXX object CMakeFiles/mocap4r2_msgs__rosidl_typesupport_cpp.dir/rosidl_typesupport_cpp/mocap4r2_msgs/msg/imus_info__type_support.cpp.o[0m
[1.851s] [ 25%] [32mBuilding CXX object CMakeFiles/mocap4r2_msgs__rosidl_typesupport_cpp.dir/rosidl_typesupport_cpp/mocap4r2_msgs/msg/marker__type_support.cpp.o[0m
[1.851s] [ 26%] [32mBuilding CXX object CMakeFiles/mocap4r2_msgs__rosidl_typesupport_cpp.dir/rosidl_typesupport_cpp/mocap4r2_msgs/msg/markers__type_support.cpp.o[0m
[2.060s] [ 27%] [32mBuilding CXX object CMakeFiles/mocap4r2_msgs__rosidl_typesupport_fastrtps_cpp.dir/rosidl_typesupport_fastrtps_cpp/mocap4r2_msgs/msg/detail/dds_fastrtps/marker__type_support.cpp.o[0m
[2.152s] [ 29%] [32mBuilding CXX object CMakeFiles/mocap4r2_msgs__rosidl_typesupport_c.dir/rosidl_typesupport_c/mocap4r2_msgs/msg/marker__type_support.cpp.o[0m
[2.175s] [ 31%] [32mBuilding CXX object CMakeFiles/mocap4r2_msgs__rosidl_typesupport_fastrtps_cpp.dir/rosidl_typesupport_fastrtps_cpp/mocap4r2_msgs/msg/detail/dds_fastrtps/markers__type_support.cpp.o[0m
[2.175s] [ 31%] [32mBuilding CXX object CMakeFiles/mocap4r2_msgs__rosidl_typesupport_c.dir/rosidl_typesupport_c/mocap4r2_msgs/msg/markers__type_support.cpp.o[0m
[2.175s] [ 33%] [32mBuilding CXX object CMakeFiles/mocap4r2_msgs__rosidl_typesupport_cpp.dir/rosidl_typesupport_cpp/mocap4r2_msgs/msg/rigid_body__type_support.cpp.o[0m
[2.181s] [ 34%] [32mBuilding CXX object CMakeFiles/mocap4r2_msgs__rosidl_typesupport_introspection_cpp.dir/rosidl_typesupport_introspection_cpp/mocap4r2_msgs/msg/detail/marker__type_support.cpp.o[0m
[2.199s] [ 36%] [32mBuilding CXX object CMakeFiles/mocap4r2_msgs__rosidl_typesupport_fastrtps_cpp.dir/rosidl_typesupport_fastrtps_cpp/mocap4r2_msgs/msg/detail/dds_fastrtps/imus_info__type_support.cpp.o[0m
[2.223s] [ 37%] [32mBuilding CXX object CMakeFiles/mocap4r2_msgs__rosidl_typesupport_c.dir/rosidl_typesupport_c/mocap4r2_msgs/msg/imus_info__type_support.cpp.o[0m
[2.260s] [ 38%] [32mBuilding CXX object CMakeFiles/mocap4r2_msgs__rosidl_typesupport_c.dir/rosidl_typesupport_c/mocap4r2_msgs/msg/rigid_body__type_support.cpp.o[0m
[2.303s] [ 40%] [32mBuilding CXX object CMakeFiles/mocap4r2_msgs__rosidl_typesupport_c.dir/rosidl_typesupport_c/mocap4r2_msgs/msg/rigid_bodies__type_support.cpp.o[0m
[2.353s] [ 41%] [32mBuilding CXX object CMakeFiles/mocap4r2_msgs__rosidl_typesupport_c.dir/rosidl_typesupport_c/mocap4r2_msgs/srv/create_rigid_body__type_support.cpp.o[0m
[2.354s] [ 43%] [32mBuilding C object CMakeFiles/mocap4r2_msgs__rosidl_typesupport_introspection_c.dir/rosidl_typesupport_introspection_c/mocap4r2_msgs/msg/detail/marker__type_support.c.o[0m
[2.393s] [ 44%] [32m[1mLinking CXX shared library libmocap4r2_msgs__rosidl_typesupport_c.so[0m
[2.394s] [ 45%] [32mBuilding CXX object CMakeFiles/mocap4r2_msgs__rosidl_typesupport_fastrtps_c.dir/rosidl_typesupport_fastrtps_c/mocap4r2_msgs/msg/detail/marker__type_support_c.cpp.o[0m
[2.399s] [ 47%] [32mBuilding C object CMakeFiles/mocap4r2_msgs__rosidl_typesupport_introspection_c.dir/rosidl_typesupport_introspection_c/mocap4r2_msgs/msg/detail/markers__type_support.c.o[0m
[2.450s] [ 47%] Built target mocap4r2_msgs__rosidl_typesupport_c
[2.450s] [ 48%] [32mBuilding C object CMakeFiles/mocap4r2_msgs__rosidl_typesupport_introspection_c.dir/rosidl_typesupport_introspection_c/mocap4r2_msgs/msg/detail/imus_info__type_support.c.o[0m
[2.463s] [ 50%] [32mBuilding CXX object CMakeFiles/mocap4r2_msgs__rosidl_typesupport_fastrtps_c.dir/rosidl_typesupport_fastrtps_c/mocap4r2_msgs/msg/detail/markers__type_support_c.cpp.o[0m
[2.498s] [ 51%] [32mBuilding C object CMakeFiles/mocap4r2_msgs__rosidl_typesupport_introspection_c.dir/rosidl_typesupport_introspection_c/mocap4r2_msgs/msg/detail/rigid_body__type_support.c.o[0m
[2.545s] [ 52%] [32mBuilding CXX object CMakeFiles/mocap4r2_msgs__rosidl_typesupport_cpp.dir/rosidl_typesupport_cpp/mocap4r2_msgs/msg/rigid_bodies__type_support.cpp.o[0m
[2.547s] [ 54%] [32mBuilding C object CMakeFiles/mocap4r2_msgs__rosidl_typesupport_introspection_c.dir/rosidl_typesupport_introspection_c/mocap4r2_msgs/msg/detail/rigid_bodies__type_support.c.o[0m
[2.580s] [ 55%] [32mBuilding CXX object CMakeFiles/mocap4r2_msgs__rosidl_typesupport_cpp.dir/rosidl_typesupport_cpp/mocap4r2_msgs/srv/create_rigid_body__type_support.cpp.o[0m
[2.599s] [ 56%] [32mBuilding C object CMakeFiles/mocap4r2_msgs__rosidl_typesupport_introspection_c.dir/rosidl_typesupport_introspection_c/mocap4r2_msgs/srv/detail/create_rigid_body__type_support.c.o[0m
[2.651s] [ 58%] [32m[1mLinking C shared library libmocap4r2_msgs__rosidl_typesupport_introspection_c.so[0m
[2.678s] [ 59%] [32mBuilding CXX object CMakeFiles/mocap4r2_msgs__rosidl_typesupport_introspection_cpp.dir/rosidl_typesupport_introspection_cpp/mocap4r2_msgs/msg/detail/markers__type_support.cpp.o[0m
[2.691s] [ 59%] Built target mocap4r2_msgs__rosidl_typesupport_introspection_c
[2.702s] [ 61%] [32mBuilding CXX object CMakeFiles/mocap4r2_msgs__rosidl_typesupport_fastrtps_c.dir/rosidl_typesupport_fastrtps_c/mocap4r2_msgs/msg/detail/imus_info__type_support_c.cpp.o[0m
[2.747s] [ 62%] [32mBuilding CXX object CMakeFiles/mocap4r2_msgs__rosidl_typesupport_introspection_cpp.dir/rosidl_typesupport_introspection_cpp/mocap4r2_msgs/msg/detail/imus_info__type_support.cpp.o[0m
[2.773s] [ 63%] [32mBuilding CXX object CMakeFiles/mocap4r2_msgs__rosidl_typesupport_fastrtps_cpp.dir/rosidl_typesupport_fastrtps_cpp/mocap4r2_msgs/msg/detail/dds_fastrtps/rigid_body__type_support.cpp.o[0m
[2.824s] [ 65%] [32mBuilding CXX object CMakeFiles/mocap4r2_msgs__rosidl_typesupport_introspection_cpp.dir/rosidl_typesupport_introspection_cpp/mocap4r2_msgs/msg/detail/rigid_body__type_support.cpp.o[0m
[2.895s] [ 66%] [32mBuilding CXX object CMakeFiles/mocap4r2_msgs__rosidl_typesupport_fastrtps_cpp.dir/rosidl_typesupport_fastrtps_cpp/mocap4r2_msgs/msg/detail/dds_fastrtps/rigid_bodies__type_support.cpp.o[0m
[2.899s] [ 68%] [32mBuilding CXX object CMakeFiles/mocap4r2_msgs__rosidl_typesupport_introspection_cpp.dir/rosidl_typesupport_introspection_cpp/mocap4r2_msgs/msg/detail/rigid_bodies__type_support.cpp.o[0m
[2.917s] [ 69%] [32m[1mLinking CXX shared library libmocap4r2_msgs__rosidl_typesupport_cpp.so[0m
[2.968s] [ 69%] Built target mocap4r2_msgs__rosidl_typesupport_cpp
[2.978s] [ 70%] [32mBuilding CXX object CMakeFiles/mocap4r2_msgs__rosidl_typesupport_fastrtps_c.dir/rosidl_typesupport_fastrtps_c/mocap4r2_msgs/msg/detail/rigid_body__type_support_c.cpp.o[0m
[3.131s] [ 72%] [32mBuilding CXX object CMakeFiles/mocap4r2_msgs__rosidl_typesupport_fastrtps_cpp.dir/rosidl_typesupport_fastrtps_cpp/mocap4r2_msgs/srv/detail/dds_fastrtps/create_rigid_body__type_support.cpp.o[0m
[3.233s] [ 73%] [32mBuilding CXX object CMakeFiles/mocap4r2_msgs__rosidl_typesupport_fastrtps_c.dir/rosidl_typesupport_fastrtps_c/mocap4r2_msgs/msg/detail/rigid_bodies__type_support_c.cpp.o[0m
[3.287s] [ 75%] [32mBuilding CXX object CMakeFiles/mocap4r2_msgs__rosidl_typesupport_fastrtps_c.dir/rosidl_typesupport_fastrtps_c/mocap4r2_msgs/srv/detail/create_rigid_body__type_support_c.cpp.o[0m
[3.349s] [ 76%] [32mBuilding CXX object CMakeFiles/mocap4r2_msgs__rosidl_typesupport_introspection_cpp.dir/rosidl_typesupport_introspection_cpp/mocap4r2_msgs/srv/detail/create_rigid_body__type_support.cpp.o[0m
[3.579s] [ 77%] [32m[1mLinking CXX shared library libmocap4r2_msgs__rosidl_typesupport_fastrtps_cpp.so[0m
[3.631s] [ 79%] [32m[1mLinking CXX shared library libmocap4r2_msgs__rosidl_typesupport_fastrtps_c.so[0m
[3.667s] [ 79%] Built target mocap4r2_msgs__rosidl_typesupport_fastrtps_cpp
[3.695s] [ 79%] Built target mocap4r2_msgs__rosidl_typesupport_fastrtps_c
[3.726s] [ 80%] [32m[1mLinking CXX shared library libmocap4r2_msgs__rosidl_typesupport_introspection_cpp.so[0m
[3.782s] [ 80%] Built target mocap4r2_msgs__rosidl_typesupport_introspection_cpp
[3.793s] [ 80%] Built target mocap4r2_msgs
[3.805s] [ 81%] [34m[1mGenerating Python code for ROS interfaces[0m
[4.295s] [ 81%] Built target mocap4r2_msgs__py
[4.309s] [ 84%] [32mBuilding C object CMakeFiles/mocap4r2_msgs__rosidl_generator_py.dir/rosidl_generator_py/mocap4r2_msgs/msg/_markers_s.c.o[0m
[4.309s] [ 84%] [32mBuilding C object CMakeFiles/mocap4r2_msgs__rosidl_generator_py.dir/rosidl_generator_py/mocap4r2_msgs/msg/_imus_info_s.c.o[0m
[4.309s] [ 86%] [32mBuilding C object CMakeFiles/mocap4r2_msgs__rosidl_generator_py.dir/rosidl_generator_py/mocap4r2_msgs/msg/_marker_s.c.o[0m
[4.310s] [ 87%] [32mBuilding C object CMakeFiles/mocap4r2_msgs__rosidl_generator_py.dir/rosidl_generator_py/mocap4r2_msgs/msg/_rigid_body_s.c.o[0m
[4.310s] [ 88%] [32mBuilding C object CMakeFiles/mocap4r2_msgs__rosidl_generator_py.dir/rosidl_generator_py/mocap4r2_msgs/msg/_rigid_bodies_s.c.o[0m
[4.310s] [ 90%] [32mBuilding C object CMakeFiles/mocap4r2_msgs__rosidl_generator_py.dir/rosidl_generator_py/mocap4r2_msgs/srv/_create_rigid_body_s.c.o[0m
[4.441s] [ 91%] [32m[1mLinking C shared library rosidl_generator_py/mocap4r2_msgs/libmocap4r2_msgs__rosidl_generator_py.so[0m
[4.470s] [ 91%] Built target mocap4r2_msgs__rosidl_generator_py
[4.484s] [ 95%] [32mBuilding C object CMakeFiles/mocap4r2_msgs__rosidl_typesupport_fastrtps_c__pyext.dir/rosidl_generator_py/mocap4r2_msgs/_mocap4r2_msgs_s.ep.rosidl_typesupport_fastrtps_c.c.o[0m
[4.484s] [ 95%] [32mBuilding C object CMakeFiles/mocap4r2_msgs__rosidl_typesupport_c__pyext.dir/rosidl_generator_py/mocap4r2_msgs/_mocap4r2_msgs_s.ep.rosidl_typesupport_c.c.o[0m
[4.484s] [ 95%] [32mBuilding C object CMakeFiles/mocap4r2_msgs__rosidl_typesupport_introspection_c__pyext.dir/rosidl_generator_py/mocap4r2_msgs/_mocap4r2_msgs_s.ep.rosidl_typesupport_introspection_c.c.o[0m
[4.596s] [100%] [32m[1mLinking C shared library rosidl_generator_py/mocap4r2_msgs/mocap4r2_msgs_s__rosidl_typesupport_fastrtps_c.cpython-310-x86_64-linux-gnu.so[0m
[4.596s] [100%] [32m[1mLinking C shared library rosidl_generator_py/mocap4r2_msgs/mocap4r2_msgs_s__rosidl_typesupport_c.cpython-310-x86_64-linux-gnu.so[0m
[4.596s] [100%] [32m[1mLinking C shared library rosidl_generator_py/mocap4r2_msgs/mocap4r2_msgs_s__rosidl_typesupport_introspection_c.cpython-310-x86_64-linux-gnu.so[0m
[4.623s] [100%] Built target mocap4r2_msgs__rosidl_typesupport_introspection_c__pyext
[4.623s] [100%] Built target mocap4r2_msgs__rosidl_typesupport_fastrtps_c__pyext
[4.623s] [100%] Built target mocap4r2_msgs__rosidl_typesupport_c__pyext
[4.631s] Invoked command in '/home/mello/mocap4r2_ws/build/mocap4r2_msgs' returned '0': CMAKE_PREFIX_PATH=${CMAKE_PREFIX_PATH}:/opt/ros/humble /usr/bin/cmake --build /home/mello/mocap4r2_ws/build/mocap4r2_msgs -- -j8 -l8
[4.637s] Invoking command in '/home/mello/mocap4r2_ws/build/mocap4r2_msgs': CMAKE_PREFIX_PATH=${CMAKE_PREFIX_PATH}:/opt/ros/humble /usr/bin/cmake --install /home/mello/mocap4r2_ws/build/mocap4r2_msgs
[4.641s] -- Install configuration: ""
[4.641s] -- Execute custom install script
[4.642s] -- Symlinking: /home/mello/mocap4r2_ws/install/mocap4r2_msgs/share/ament_index/resource_index/rosidl_interfaces/mocap4r2_msgs
[4.648s] -- Symlinking: /home/mello/mocap4r2_ws/install/mocap4r2_msgs/include/mocap4r2_msgs/mocap4r2_msgs/msg/detail/imus_info__functions.h
[4.654s] -- Symlinking: /home/mello/mocap4r2_ws/install/mocap4r2_msgs/include/mocap4r2_msgs/mocap4r2_msgs/msg/detail/imus_info__struct.h
[4.660s] -- Symlinking: /home/mello/mocap4r2_ws/install/mocap4r2_msgs/include/mocap4r2_msgs/mocap4r2_msgs/msg/detail/imus_info__type_support.h
[4.667s] -- Symlinking: /home/mello/mocap4r2_ws/install/mocap4r2_msgs/include/mocap4r2_msgs/mocap4r2_msgs/msg/detail/marker__functions.h
[4.672s] -- Symlinking: /home/mello/mocap4r2_ws/install/mocap4r2_msgs/include/mocap4r2_msgs/mocap4r2_msgs/msg/detail/marker__struct.h
[4.676s] -- Symlinking: /home/mello/mocap4r2_ws/install/mocap4r2_msgs/include/mocap4r2_msgs/mocap4r2_msgs/msg/detail/marker__type_support.h
[4.681s] -- Symlinking: /home/mello/mocap4r2_ws/install/mocap4r2_msgs/include/mocap4r2_msgs/mocap4r2_msgs/msg/detail/markers__functions.h
[4.686s] -- Symlinking: /home/mello/mocap4r2_ws/install/mocap4r2_msgs/include/mocap4r2_msgs/mocap4r2_msgs/msg/detail/markers__struct.h
[4.691s] -- Symlinking: /home/mello/mocap4r2_ws/install/mocap4r2_msgs/include/mocap4r2_msgs/mocap4r2_msgs/msg/detail/markers__type_support.h
[4.696s] -- Symlinking: /home/mello/mocap4r2_ws/install/mocap4r2_msgs/include/mocap4r2_msgs/mocap4r2_msgs/msg/detail/rigid_bodies__functions.h
[4.701s] -- Symlinking: /home/mello/mocap4r2_ws/install/mocap4r2_msgs/include/mocap4r2_msgs/mocap4r2_msgs/msg/detail/rigid_bodies__struct.h
[4.706s] -- Symlinking: /home/mello/mocap4r2_ws/install/mocap4r2_msgs/include/mocap4r2_msgs/mocap4r2_msgs/msg/detail/rigid_bodies__type_support.h
[4.713s] -- Symlinking: /home/mello/mocap4r2_ws/install/mocap4r2_msgs/include/mocap4r2_msgs/mocap4r2_msgs/msg/detail/rigid_body__functions.h
[4.718s] -- Symlinking: /home/mello/mocap4r2_ws/install/mocap4r2_msgs/include/mocap4r2_msgs/mocap4r2_msgs/msg/detail/rigid_body__struct.h
[4.723s] -- Symlinking: /home/mello/mocap4r2_ws/install/mocap4r2_msgs/include/mocap4r2_msgs/mocap4r2_msgs/msg/detail/rigid_body__type_support.h
[4.728s] -- Symlinking: /home/mello/mocap4r2_ws/install/mocap4r2_msgs/include/mocap4r2_msgs/mocap4r2_msgs/msg/imus_info.h
[4.732s] -- Symlinking: /home/mello/mocap4r2_ws/install/mocap4r2_msgs/include/mocap4r2_msgs/mocap4r2_msgs/msg/marker.h
[4.737s] -- Symlinking: /home/mello/mocap4r2_ws/install/mocap4r2_msgs/include/mocap4r2_msgs/mocap4r2_msgs/msg/markers.h
[4.743s] -- Symlinking: /home/mello/mocap4r2_ws/install/mocap4r2_msgs/include/mocap4r2_msgs/mocap4r2_msgs/msg/rigid_bodies.h
[4.748s] -- Symlinking: /home/mello/mocap4r2_ws/install/mocap4r2_msgs/include/mocap4r2_msgs/mocap4r2_msgs/msg/rigid_body.h
[4.753s] -- Symlinking: /home/mello/mocap4r2_ws/install/mocap4r2_msgs/include/mocap4r2_msgs/mocap4r2_msgs/msg/rosidl_generator_c__visibility_control.h
[4.758s] -- Symlinking: /home/mello/mocap4r2_ws/install/mocap4r2_msgs/include/mocap4r2_msgs/mocap4r2_msgs/srv/create_rigid_body.h
[4.763s] -- Symlinking: /home/mello/mocap4r2_ws/install/mocap4r2_msgs/include/mocap4r2_msgs/mocap4r2_msgs/srv/detail/create_rigid_body__functions.h
[4.768s] -- Symlinking: /home/mello/mocap4r2_ws/install/mocap4r2_msgs/include/mocap4r2_msgs/mocap4r2_msgs/srv/detail/create_rigid_body__struct.h
[4.773s] -- Symlinking: /home/mello/mocap4r2_ws/install/mocap4r2_msgs/include/mocap4r2_msgs/mocap4r2_msgs/srv/detail/create_rigid_body__type_support.h
[4.778s] -- Symlinking: /home/mello/mocap4r2_ws/install/mocap4r2_msgs/share/mocap4r2_msgs/environment/library_path.sh
[4.783s] -- Symlinking: /home/mello/mocap4r2_ws/install/mocap4r2_msgs/share/mocap4r2_msgs/environment/library_path.dsv
[4.788s] -- Symlinking: /home/mello/mocap4r2_ws/install/mocap4r2_msgs/include/mocap4r2_msgs/mocap4r2_msgs/msg/detail/imus_info__rosidl_typesupport_fastrtps_c.h
[4.793s] -- Symlinking: /home/mello/mocap4r2_ws/install/mocap4r2_msgs/include/mocap4r2_msgs/mocap4r2_msgs/msg/detail/marker__rosidl_typesupport_fastrtps_c.h
[4.798s] -- Symlinking: /home/mello/mocap4r2_ws/install/mocap4r2_msgs/include/mocap4r2_msgs/mocap4r2_msgs/msg/detail/markers__rosidl_typesupport_fastrtps_c.h
[4.803s] -- Symlinking: /home/mello/mocap4r2_ws/install/mocap4r2_msgs/include/mocap4r2_msgs/mocap4r2_msgs/msg/detail/rigid_bodies__rosidl_typesupport_fastrtps_c.h
[4.808s] -- Symlinking: /home/mello/mocap4r2_ws/install/mocap4r2_msgs/include/mocap4r2_msgs/mocap4r2_msgs/msg/detail/rigid_body__rosidl_typesupport_fastrtps_c.h
[4.813s] -- Symlinking: /home/mello/mocap4r2_ws/install/mocap4r2_msgs/include/mocap4r2_msgs/mocap4r2_msgs/msg/rosidl_typesupport_fastrtps_c__visibility_control.h
[4.818s] -- Symlinking: /home/mello/mocap4r2_ws/install/mocap4r2_msgs/include/mocap4r2_msgs/mocap4r2_msgs/srv/detail/create_rigid_body__rosidl_typesupport_fastrtps_c.h
[4.823s] -- Symlinking: /home/mello/mocap4r2_ws/install/mocap4r2_msgs/include/mocap4r2_msgs/mocap4r2_msgs/msg/detail/imus_info__rosidl_typesupport_introspection_c.h
[4.828s] -- Symlinking: /home/mello/mocap4r2_ws/install/mocap4r2_msgs/include/mocap4r2_msgs/mocap4r2_msgs/msg/detail/marker__rosidl_typesupport_introspection_c.h
[4.833s] -- Symlinking: /home/mello/mocap4r2_ws/install/mocap4r2_msgs/include/mocap4r2_msgs/mocap4r2_msgs/msg/detail/markers__rosidl_typesupport_introspection_c.h
[4.838s] -- Symlinking: /home/mello/mocap4r2_ws/install/mocap4r2_msgs/include/mocap4r2_msgs/mocap4r2_msgs/msg/detail/rigid_bodies__rosidl_typesupport_introspection_c.h
[4.844s] -- Symlinking: /home/mello/mocap4r2_ws/install/mocap4r2_msgs/include/mocap4r2_msgs/mocap4r2_msgs/msg/detail/rigid_body__rosidl_typesupport_introspection_c.h
[4.849s] -- Symlinking: /home/mello/mocap4r2_ws/install/mocap4r2_msgs/include/mocap4r2_msgs/mocap4r2_msgs/msg/rosidl_typesupport_introspection_c__visibility_control.h
[4.854s] -- Symlinking: /home/mello/mocap4r2_ws/install/mocap4r2_msgs/include/mocap4r2_msgs/mocap4r2_msgs/srv/detail/create_rigid_body__rosidl_typesupport_introspection_c.h
[4.860s] -- Symlinking: /home/mello/mocap4r2_ws/install/mocap4r2_msgs/include/mocap4r2_msgs/mocap4r2_msgs/msg/detail/imus_info__builder.hpp
[4.864s] -- Symlinking: /home/mello/mocap4r2_ws/install/mocap4r2_msgs/include/mocap4r2_msgs/mocap4r2_msgs/msg/detail/imus_info__struct.hpp
[4.870s] -- Symlinking: /home/mello/mocap4r2_ws/install/mocap4r2_msgs/include/mocap4r2_msgs/mocap4r2_msgs/msg/detail/imus_info__traits.hpp
[4.874s] -- Symlinking: /home/mello/mocap4r2_ws/install/mocap4r2_msgs/include/mocap4r2_msgs/mocap4r2_msgs/msg/detail/imus_info__type_support.hpp
[4.879s] -- Symlinking: /home/mello/mocap4r2_ws/install/mocap4r2_msgs/include/mocap4r2_msgs/mocap4r2_msgs/msg/detail/marker__builder.hpp
[4.884s] -- Symlinking: /home/mello/mocap4r2_ws/install/mocap4r2_msgs/include/mocap4r2_msgs/mocap4r2_msgs/msg/detail/marker__struct.hpp
[4.889s] -- Symlinking: /home/mello/mocap4r2_ws/install/mocap4r2_msgs/include/mocap4r2_msgs/mocap4r2_msgs/msg/detail/marker__traits.hpp
[4.894s] -- Symlinking: /home/mello/mocap4r2_ws/install/mocap4r2_msgs/include/mocap4r2_msgs/mocap4r2_msgs/msg/detail/marker__type_support.hpp
[4.899s] -- Symlinking: /home/mello/mocap4r2_ws/install/mocap4r2_msgs/include/mocap4r2_msgs/mocap4r2_msgs/msg/detail/markers__builder.hpp
[4.904s] -- Symlinking: /home/mello/mocap4r2_ws/install/mocap4r2_msgs/include/mocap4r2_msgs/mocap4r2_msgs/msg/detail/markers__struct.hpp
[4.909s] -- Symlinking: /home/mello/mocap4r2_ws/install/mocap4r2_msgs/include/mocap4r2_msgs/mocap4r2_msgs/msg/detail/markers__traits.hpp
[4.914s] -- Symlinking: /home/mello/mocap4r2_ws/install/mocap4r2_msgs/include/mocap4r2_msgs/mocap4r2_msgs/msg/detail/markers__type_support.hpp
[4.919s] -- Symlinking: /home/mello/mocap4r2_ws/install/mocap4r2_msgs/include/mocap4r2_msgs/mocap4r2_msgs/msg/detail/rigid_bodies__builder.hpp
[4.924s] -- Symlinking: /home/mello/mocap4r2_ws/install/mocap4r2_msgs/include/mocap4r2_msgs/mocap4r2_msgs/msg/detail/rigid_bodies__struct.hpp
[4.929s] -- Symlinking: /home/mello/mocap4r2_ws/install/mocap4r2_msgs/include/mocap4r2_msgs/mocap4r2_msgs/msg/detail/rigid_bodies__traits.hpp
[4.934s] -- Symlinking: /home/mello/mocap4r2_ws/install/mocap4r2_msgs/include/mocap4r2_msgs/mocap4r2_msgs/msg/detail/rigid_bodies__type_support.hpp
[4.939s] -- Symlinking: /home/mello/mocap4r2_ws/install/mocap4r2_msgs/include/mocap4r2_msgs/mocap4r2_msgs/msg/detail/rigid_body__builder.hpp
[4.944s] -- Symlinking: /home/mello/mocap4r2_ws/install/mocap4r2_msgs/include/mocap4r2_msgs/mocap4r2_msgs/msg/detail/rigid_body__struct.hpp
[4.950s] -- Symlinking: /home/mello/mocap4r2_ws/install/mocap4r2_msgs/include/mocap4r2_msgs/mocap4r2_msgs/msg/detail/rigid_body__traits.hpp
[4.955s] -- Symlinking: /home/mello/mocap4r2_ws/install/mocap4r2_msgs/include/mocap4r2_msgs/mocap4r2_msgs/msg/detail/rigid_body__type_support.hpp
[4.961s] -- Symlinking: /home/mello/mocap4r2_ws/install/mocap4r2_msgs/include/mocap4r2_msgs/mocap4r2_msgs/msg/imus_info.hpp
[4.966s] -- Symlinking: /home/mello/mocap4r2_ws/install/mocap4r2_msgs/include/mocap4r2_msgs/mocap4r2_msgs/msg/marker.hpp
[4.971s] -- Symlinking: /home/mello/mocap4r2_ws/install/mocap4r2_msgs/include/mocap4r2_msgs/mocap4r2_msgs/msg/markers.hpp
[4.976s] -- Symlinking: /home/mello/mocap4r2_ws/install/mocap4r2_msgs/include/mocap4r2_msgs/mocap4r2_msgs/msg/rigid_bodies.hpp
[4.981s] -- Symlinking: /home/mello/mocap4r2_ws/install/mocap4r2_msgs/include/mocap4r2_msgs/mocap4r2_msgs/msg/rigid_body.hpp
[4.987s] -- Symlinking: /home/mello/mocap4r2_ws/install/mocap4r2_msgs/include/mocap4r2_msgs/mocap4r2_msgs/msg/rosidl_generator_cpp__visibility_control.hpp
[4.992s] -- Symlinking: /home/mello/mocap4r2_ws/install/mocap4r2_msgs/include/mocap4r2_msgs/mocap4r2_msgs/srv/create_rigid_body.hpp
[4.997s] -- Symlinking: /home/mello/mocap4r2_ws/install/mocap4r2_msgs/include/mocap4r2_msgs/mocap4r2_msgs/srv/detail/create_rigid_body__builder.hpp
[5.002s] -- Symlinking: /home/mello/mocap4r2_ws/install/mocap4r2_msgs/include/mocap4r2_msgs/mocap4r2_msgs/srv/detail/create_rigid_body__struct.hpp
[5.007s] -- Symlinking: /home/mello/mocap4r2_ws/install/mocap4r2_msgs/include/mocap4r2_msgs/mocap4r2_msgs/srv/detail/create_rigid_body__traits.hpp
[5.011s] -- Symlinking: /home/mello/mocap4r2_ws/install/mocap4r2_msgs/include/mocap4r2_msgs/mocap4r2_msgs/srv/detail/create_rigid_body__type_support.hpp
[5.017s] -- Symlinking: /home/mello/mocap4r2_ws/install/mocap4r2_msgs/include/mocap4r2_msgs/mocap4r2_msgs/msg/detail/imus_info__rosidl_typesupport_fastrtps_cpp.hpp
[5.021s] -- Symlinking: /home/mello/mocap4r2_ws/install/mocap4r2_msgs/include/mocap4r2_msgs/mocap4r2_msgs/msg/detail/marker__rosidl_typesupport_fastrtps_cpp.hpp
[5.026s] -- Symlinking: /home/mello/mocap4r2_ws/install/mocap4r2_msgs/include/mocap4r2_msgs/mocap4r2_msgs/msg/detail/markers__rosidl_typesupport_fastrtps_cpp.hpp
[5.031s] -- Symlinking: /home/mello/mocap4r2_ws/install/mocap4r2_msgs/include/mocap4r2_msgs/mocap4r2_msgs/msg/detail/rigid_bodies__rosidl_typesupport_fastrtps_cpp.hpp
[5.036s] -- Symlinking: /home/mello/mocap4r2_ws/install/mocap4r2_msgs/include/mocap4r2_msgs/mocap4r2_msgs/msg/detail/rigid_body__rosidl_typesupport_fastrtps_cpp.hpp
[5.041s] -- Symlinking: /home/mello/mocap4r2_ws/install/mocap4r2_msgs/include/mocap4r2_msgs/mocap4r2_msgs/msg/rosidl_typesupport_fastrtps_cpp__visibility_control.h
[5.047s] -- Symlinking: /home/mello/mocap4r2_ws/install/mocap4r2_msgs/include/mocap4r2_msgs/mocap4r2_msgs/srv/detail/create_rigid_body__rosidl_typesupport_fastrtps_cpp.hpp
[5.053s] -- Symlinking: /home/mello/mocap4r2_ws/install/mocap4r2_msgs/include/mocap4r2_msgs/mocap4r2_msgs/msg/detail/imus_info__rosidl_typesupport_introspection_cpp.hpp
[5.058s] -- Symlinking: /home/mello/mocap4r2_ws/install/mocap4r2_msgs/include/mocap4r2_msgs/mocap4r2_msgs/msg/detail/marker__rosidl_typesupport_introspection_cpp.hpp
[5.063s] -- Symlinking: /home/mello/mocap4r2_ws/install/mocap4r2_msgs/include/mocap4r2_msgs/mocap4r2_msgs/msg/detail/markers__rosidl_typesupport_introspection_cpp.hpp
[5.068s] -- Symlinking: /home/mello/mocap4r2_ws/install/mocap4r2_msgs/include/mocap4r2_msgs/mocap4r2_msgs/msg/detail/rigid_bodies__rosidl_typesupport_introspection_cpp.hpp
[5.073s] -- Symlinking: /home/mello/mocap4r2_ws/install/mocap4r2_msgs/include/mocap4r2_msgs/mocap4r2_msgs/msg/detail/rigid_body__rosidl_typesupport_introspection_cpp.hpp
[5.078s] -- Symlinking: /home/mello/mocap4r2_ws/install/mocap4r2_msgs/include/mocap4r2_msgs/mocap4r2_msgs/srv/detail/create_rigid_body__rosidl_typesupport_introspection_cpp.hpp
[5.083s] -- Symlinking: /home/mello/mocap4r2_ws/install/mocap4r2_msgs/share/mocap4r2_msgs/environment/pythonpath.sh
[5.088s] -- Symlinking: /home/mello/mocap4r2_ws/install/mocap4r2_msgs/share/mocap4r2_msgs/environment/pythonpath.dsv
[5.093s] -- Symlinking: /home/mello/mocap4r2_ws/install/mocap4r2_msgs/local/lib/python3.10/dist-packages/mocap4r2_msgs-0.2.0-py3.10.egg-info/PKG-INFO
[5.098s] -- Symlinking: /home/mello/mocap4r2_ws/install/mocap4r2_msgs/local/lib/python3.10/dist-packages/mocap4r2_msgs-0.2.0-py3.10.egg-info/SOURCES.txt
[5.103s] -- Symlinking: /home/mello/mocap4r2_ws/install/mocap4r2_msgs/local/lib/python3.10/dist-packages/mocap4r2_msgs-0.2.0-py3.10.egg-info/dependency_links.txt
[5.108s] -- Symlinking: /home/mello/mocap4r2_ws/install/mocap4r2_msgs/local/lib/python3.10/dist-packages/mocap4r2_msgs-0.2.0-py3.10.egg-info/top_level.txt
[5.113s] -- Symlinking: /home/mello/mocap4r2_ws/install/mocap4r2_msgs/local/lib/python3.10/dist-packages/mocap4r2_msgs/__init__.py
[5.119s] -- Symlinking: /home/mello/mocap4r2_ws/install/mocap4r2_msgs/local/lib/python3.10/dist-packages/mocap4r2_msgs/_mocap4r2_msgs_s.ep.rosidl_typesupport_c.c
[5.124s] -- Symlinking: /home/mello/mocap4r2_ws/install/mocap4r2_msgs/local/lib/python3.10/dist-packages/mocap4r2_msgs/_mocap4r2_msgs_s.ep.rosidl_typesupport_fastrtps_c.c
[5.130s] -- Symlinking: /home/mello/mocap4r2_ws/install/mocap4r2_msgs/local/lib/python3.10/dist-packages/mocap4r2_msgs/_mocap4r2_msgs_s.ep.rosidl_typesupport_introspection_c.c
[5.138s] -- Symlinking: /home/mello/mocap4r2_ws/install/mocap4r2_msgs/local/lib/python3.10/dist-packages/mocap4r2_msgs/libmocap4r2_msgs__rosidl_generator_py.so
[5.145s] -- Symlinking: /home/mello/mocap4r2_ws/install/mocap4r2_msgs/local/lib/python3.10/dist-packages/mocap4r2_msgs/mocap4r2_msgs_s__rosidl_typesupport_c.cpython-310-x86_64-linux-gnu.so
[5.153s] -- Symlinking: /home/mello/mocap4r2_ws/install/mocap4r2_msgs/local/lib/python3.10/dist-packages/mocap4r2_msgs/mocap4r2_msgs_s__rosidl_typesupport_fastrtps_c.cpython-310-x86_64-linux-gnu.so
[5.160s] -- Symlinking: /home/mello/mocap4r2_ws/install/mocap4r2_msgs/local/lib/python3.10/dist-packages/mocap4r2_msgs/mocap4r2_msgs_s__rosidl_typesupport_introspection_c.cpython-310-x86_64-linux-gnu.so
[5.166s] -- Symlinking: /home/mello/mocap4r2_ws/install/mocap4r2_msgs/local/lib/python3.10/dist-packages/mocap4r2_msgs/msg/__init__.py
[5.171s] -- Symlinking: /home/mello/mocap4r2_ws/install/mocap4r2_msgs/local/lib/python3.10/dist-packages/mocap4r2_msgs/msg/_imus_info.py
[5.177s] -- Symlinking: /home/mello/mocap4r2_ws/install/mocap4r2_msgs/local/lib/python3.10/dist-packages/mocap4r2_msgs/msg/_imus_info_s.c
[5.182s] -- Symlinking: /home/mello/mocap4r2_ws/install/mocap4r2_msgs/local/lib/python3.10/dist-packages/mocap4r2_msgs/msg/_marker.py
[5.187s] -- Symlinking: /home/mello/mocap4r2_ws/install/mocap4r2_msgs/local/lib/python3.10/dist-packages/mocap4r2_msgs/msg/_marker_s.c
[5.192s] -- Symlinking: /home/mello/mocap4r2_ws/install/mocap4r2_msgs/local/lib/python3.10/dist-packages/mocap4r2_msgs/msg/_markers.py
[5.197s] -- Symlinking: /home/mello/mocap4r2_ws/install/mocap4r2_msgs/local/lib/python3.10/dist-packages/mocap4r2_msgs/msg/_markers_s.c
[5.203s] -- Symlinking: /home/mello/mocap4r2_ws/install/mocap4r2_msgs/local/lib/python3.10/dist-packages/mocap4r2_msgs/msg/_rigid_bodies.py
[5.208s] -- Symlinking: /home/mello/mocap4r2_ws/install/mocap4r2_msgs/local/lib/python3.10/dist-packages/mocap4r2_msgs/msg/_rigid_bodies_s.c
[5.213s] -- Symlinking: /home/mello/mocap4r2_ws/install/mocap4r2_msgs/local/lib/python3.10/dist-packages/mocap4r2_msgs/msg/_rigid_body.py
[5.218s] -- Symlinking: /home/mello/mocap4r2_ws/install/mocap4r2_msgs/local/lib/python3.10/dist-packages/mocap4r2_msgs/msg/_rigid_body_s.c
[5.223s] -- Symlinking: /home/mello/mocap4r2_ws/install/mocap4r2_msgs/local/lib/python3.10/dist-packages/mocap4r2_msgs/srv/__init__.py
[5.229s] -- Symlinking: /home/mello/mocap4r2_ws/install/mocap4r2_msgs/local/lib/python3.10/dist-packages/mocap4r2_msgs/srv/_create_rigid_body.py
[5.234s] -- Symlinking: /home/mello/mocap4r2_ws/install/mocap4r2_msgs/local/lib/python3.10/dist-packages/mocap4r2_msgs/srv/_create_rigid_body_s.c
[5.239s] -- Up-to-date symlink: /home/mello/mocap4r2_ws/install/mocap4r2_msgs/local/lib/python3.10/dist-packages/mocap4r2_msgs/mocap4r2_msgs_s__rosidl_typesupport_fastrtps_c.cpython-310-x86_64-linux-gnu.so
[5.239s] -- Up-to-date symlink: /home/mello/mocap4r2_ws/install/mocap4r2_msgs/local/lib/python3.10/dist-packages/mocap4r2_msgs/mocap4r2_msgs_s__rosidl_typesupport_introspection_c.cpython-310-x86_64-linux-gnu.so
[5.239s] -- Up-to-date symlink: /home/mello/mocap4r2_ws/install/mocap4r2_msgs/local/lib/python3.10/dist-packages/mocap4r2_msgs/mocap4r2_msgs_s__rosidl_typesupport_c.cpython-310-x86_64-linux-gnu.so
[5.239s] -- Symlinking: /home/mello/mocap4r2_ws/install/mocap4r2_msgs/share/ament_index/resource_index/rust_packages/mocap4r2_msgs
[5.245s] -- Symlinking: /home/mello/mocap4r2_ws/install/mocap4r2_msgs/share/mocap4r2_msgs/rust/Cargo.toml
[5.251s] -- Symlinking: /home/mello/mocap4r2_ws/install/mocap4r2_msgs/share/mocap4r2_msgs/rust/build.rs
[5.256s] -- Symlinking: /home/mello/mocap4r2_ws/install/mocap4r2_msgs/share/mocap4r2_msgs/rust/src/lib.rs
[5.261s] -- Symlinking: /home/mello/mocap4r2_ws/install/mocap4r2_msgs/share/mocap4r2_msgs/rust/src/msg.rs
[5.266s] -- Symlinking: /home/mello/mocap4r2_ws/install/mocap4r2_msgs/share/mocap4r2_msgs/rust/src/msg/rmw.rs
[5.271s] -- Symlinking: /home/mello/mocap4r2_ws/install/mocap4r2_msgs/share/mocap4r2_msgs/rust/src/srv.rs
[5.276s] -- Symlinking: /home/mello/mocap4r2_ws/install/mocap4r2_msgs/share/mocap4r2_msgs/rust/src/srv/rmw.rs
[5.281s] -- Symlinking: /home/mello/mocap4r2_ws/install/mocap4r2_msgs/share/mocap4r2_msgs/msg/Marker.idl
[5.286s] -- Symlinking: /home/mello/mocap4r2_ws/install/mocap4r2_msgs/share/mocap4r2_msgs/msg/Markers.idl
[5.292s] -- Symlinking: /home/mello/mocap4r2_ws/install/mocap4r2_msgs/share/mocap4r2_msgs/msg/ImusInfo.idl
[5.297s] -- Symlinking: /home/mello/mocap4r2_ws/install/mocap4r2_msgs/share/mocap4r2_msgs/msg/RigidBody.idl
[5.302s] -- Symlinking: /home/mello/mocap4r2_ws/install/mocap4r2_msgs/share/mocap4r2_msgs/msg/RigidBodies.idl
[5.307s] -- Symlinking: /home/mello/mocap4r2_ws/install/mocap4r2_msgs/share/mocap4r2_msgs/srv/CreateRigidBody.idl
[5.312s] -- Symlinking: /home/mello/mocap4r2_ws/install/mocap4r2_msgs/share/mocap4r2_msgs/msg/Marker.msg
[5.317s] -- Symlinking: /home/mello/mocap4r2_ws/install/mocap4r2_msgs/share/mocap4r2_msgs/msg/Markers.msg
[5.322s] -- Symlinking: /home/mello/mocap4r2_ws/install/mocap4r2_msgs/share/mocap4r2_msgs/msg/ImusInfo.msg
[5.327s] -- Symlinking: /home/mello/mocap4r2_ws/install/mocap4r2_msgs/share/mocap4r2_msgs/msg/RigidBody.msg
[5.332s] -- Symlinking: /home/mello/mocap4r2_ws/install/mocap4r2_msgs/share/mocap4r2_msgs/msg/RigidBodies.msg
[5.337s] -- Symlinking: /home/mello/mocap4r2_ws/install/mocap4r2_msgs/share/mocap4r2_msgs/srv/CreateRigidBody.srv
[5.342s] -- Symlinking: /home/mello/mocap4r2_ws/install/mocap4r2_msgs/share/mocap4r2_msgs/srv/CreateRigidBody_Request.msg
[5.348s] -- Symlinking: /home/mello/mocap4r2_ws/install/mocap4r2_msgs/share/mocap4r2_msgs/srv/CreateRigidBody_Response.msg
[5.354s] -- Symlinking: /home/mello/mocap4r2_ws/install/mocap4r2_msgs/share/mocap4r2_msgs/mocap4r2_bridge_mapping_rule.yaml
[5.359s] -- Symlinking: /home/mello/mocap4r2_ws/install/mocap4r2_msgs/share/ament_index/resource_index/package_run_dependencies/mocap4r2_msgs
[5.365s] -- Symlinking: /home/mello/mocap4r2_ws/install/mocap4r2_msgs/share/ament_index/resource_index/parent_prefix_path/mocap4r2_msgs
[5.370s] -- Symlinking: /home/mello/mocap4r2_ws/install/mocap4r2_msgs/share/mocap4r2_msgs/environment/ament_prefix_path.sh
[5.375s] -- Symlinking: /home/mello/mocap4r2_ws/install/mocap4r2_msgs/share/mocap4r2_msgs/environment/ament_prefix_path.dsv
[5.380s] -- Symlinking: /home/mello/mocap4r2_ws/install/mocap4r2_msgs/share/mocap4r2_msgs/environment/path.sh
[5.385s] -- Symlinking: /home/mello/mocap4r2_ws/install/mocap4r2_msgs/share/mocap4r2_msgs/environment/path.dsv
[5.390s] -- Symlinking: /home/mello/mocap4r2_ws/install/mocap4r2_msgs/share/mocap4r2_msgs/local_setup.bash
[5.395s] -- Symlinking: /home/mello/mocap4r2_ws/install/mocap4r2_msgs/share/mocap4r2_msgs/local_setup.sh
[5.400s] -- Symlinking: /home/mello/mocap4r2_ws/install/mocap4r2_msgs/share/mocap4r2_msgs/local_setup.zsh
[5.405s] -- Symlinking: /home/mello/mocap4r2_ws/install/mocap4r2_msgs/share/mocap4r2_msgs/local_setup.dsv
[5.410s] -- Symlinking: /home/mello/mocap4r2_ws/install/mocap4r2_msgs/share/mocap4r2_msgs/package.dsv
[5.415s] -- Symlinking: /home/mello/mocap4r2_ws/install/mocap4r2_msgs/share/ament_index/resource_index/packages/mocap4r2_msgs
[5.421s] -- Symlinking: /home/mello/mocap4r2_ws/install/mocap4r2_msgs/share/mocap4r2_msgs/cmake/rosidl_cmake-extras.cmake
[5.426s] -- Symlinking: /home/mello/mocap4r2_ws/install/mocap4r2_msgs/share/mocap4r2_msgs/cmake/ament_cmake_export_dependencies-extras.cmake
[5.431s] -- Symlinking: /home/mello/mocap4r2_ws/install/mocap4r2_msgs/share/mocap4r2_msgs/cmake/ament_cmake_export_include_directories-extras.cmake
[5.436s] -- Symlinking: /home/mello/mocap4r2_ws/install/mocap4r2_msgs/share/mocap4r2_msgs/cmake/ament_cmake_export_libraries-extras.cmake
[5.441s] -- Symlinking: /home/mello/mocap4r2_ws/install/mocap4r2_msgs/share/mocap4r2_msgs/cmake/ament_cmake_export_targets-extras.cmake
[5.447s] -- Symlinking: /home/mello/mocap4r2_ws/install/mocap4r2_msgs/share/mocap4r2_msgs/cmake/rosidl_cmake_export_typesupport_targets-extras.cmake
[5.452s] -- Symlinking: /home/mello/mocap4r2_ws/install/mocap4r2_msgs/share/mocap4r2_msgs/cmake/rosidl_cmake_export_typesupport_libraries-extras.cmake
[5.457s] -- Symlinking: /home/mello/mocap4r2_ws/install/mocap4r2_msgs/share/mocap4r2_msgs/cmake/mocap4r2_msgsConfig.cmake
[5.462s] -- Symlinking: /home/mello/mocap4r2_ws/install/mocap4r2_msgs/share/mocap4r2_msgs/cmake/mocap4r2_msgsConfig-version.cmake
[5.467s] -- Symlinking: /home/mello/mocap4r2_ws/install/mocap4r2_msgs/share/mocap4r2_msgs/package.xml
[5.472s] -- Installing: /home/mello/mocap4r2_ws/install/mocap4r2_msgs/lib/libmocap4r2_msgs__rosidl_generator_c.so
[5.472s] -- Set runtime path of "/home/mello/mocap4r2_ws/install/mocap4r2_msgs/lib/libmocap4r2_msgs__rosidl_generator_c.so" to ""
[5.472s] -- Installing: /home/mello/mocap4r2_ws/install/mocap4r2_msgs/lib/libmocap4r2_msgs__rosidl_typesupport_fastrtps_c.so
[5.472s] -- Set runtime path of "/home/mello/mocap4r2_ws/install/mocap4r2_msgs/lib/libmocap4r2_msgs__rosidl_typesupport_fastrtps_c.so" to ""
[5.472s] -- Installing: /home/mello/mocap4r2_ws/install/mocap4r2_msgs/lib/libmocap4r2_msgs__rosidl_typesupport_introspection_c.so
[5.472s] -- Set runtime path of "/home/mello/mocap4r2_ws/install/mocap4r2_msgs/lib/libmocap4r2_msgs__rosidl_typesupport_introspection_c.so" to ""
[5.472s] -- Installing: /home/mello/mocap4r2_ws/install/mocap4r2_msgs/lib/libmocap4r2_msgs__rosidl_typesupport_c.so
[5.473s] -- Set runtime path of "/home/mello/mocap4r2_ws/install/mocap4r2_msgs/lib/libmocap4r2_msgs__rosidl_typesupport_c.so" to ""
[5.473s] -- Installing: /home/mello/mocap4r2_ws/install/mocap4r2_msgs/lib/libmocap4r2_msgs__rosidl_typesupport_fastrtps_cpp.so
[5.473s] -- Set runtime path of "/home/mello/mocap4r2_ws/install/mocap4r2_msgs/lib/libmocap4r2_msgs__rosidl_typesupport_fastrtps_cpp.so" to ""
[5.473s] -- Installing: /home/mello/mocap4r2_ws/install/mocap4r2_msgs/lib/libmocap4r2_msgs__rosidl_typesupport_introspection_cpp.so
[5.473s] -- Set runtime path of "/home/mello/mocap4r2_ws/install/mocap4r2_msgs/lib/libmocap4r2_msgs__rosidl_typesupport_introspection_cpp.so" to ""
[5.473s] -- Installing: /home/mello/mocap4r2_ws/install/mocap4r2_msgs/lib/libmocap4r2_msgs__rosidl_typesupport_cpp.so
[5.473s] -- Set runtime path of "/home/mello/mocap4r2_ws/install/mocap4r2_msgs/lib/libmocap4r2_msgs__rosidl_typesupport_cpp.so" to ""
[5.498s] Listing '/home/mello/mocap4r2_ws/install/mocap4r2_msgs/local/lib/python3.10/dist-packages/mocap4r2_msgs'...
[5.498s] Compiling '/home/mello/mocap4r2_ws/install/mocap4r2_msgs/local/lib/python3.10/dist-packages/mocap4r2_msgs/__init__.py'...
[5.498s] Listing '/home/mello/mocap4r2_ws/install/mocap4r2_msgs/local/lib/python3.10/dist-packages/mocap4r2_msgs/msg'...
[5.498s] Compiling '/home/mello/mocap4r2_ws/install/mocap4r2_msgs/local/lib/python3.10/dist-packages/mocap4r2_msgs/msg/__init__.py'...
[5.498s] Compiling '/home/mello/mocap4r2_ws/install/mocap4r2_msgs/local/lib/python3.10/dist-packages/mocap4r2_msgs/msg/_imus_info.py'...
[5.498s] Compiling '/home/mello/mocap4r2_ws/install/mocap4r2_msgs/local/lib/python3.10/dist-packages/mocap4r2_msgs/msg/_marker.py'...
[5.498s] Compiling '/home/mello/mocap4r2_ws/install/mocap4r2_msgs/local/lib/python3.10/dist-packages/mocap4r2_msgs/msg/_markers.py'...
[5.498s] Compiling '/home/mello/mocap4r2_ws/install/mocap4r2_msgs/local/lib/python3.10/dist-packages/mocap4r2_msgs/msg/_rigid_bodies.py'...
[5.498s] Compiling '/home/mello/mocap4r2_ws/install/mocap4r2_msgs/local/lib/python3.10/dist-packages/mocap4r2_msgs/msg/_rigid_body.py'...
[5.498s] Listing '/home/mello/mocap4r2_ws/install/mocap4r2_msgs/local/lib/python3.10/dist-packages/mocap4r2_msgs/srv'...
[5.498s] Compiling '/home/mello/mocap4r2_ws/install/mocap4r2_msgs/local/lib/python3.10/dist-packages/mocap4r2_msgs/srv/__init__.py'...
[5.498s] Compiling '/home/mello/mocap4r2_ws/install/mocap4r2_msgs/local/lib/python3.10/dist-packages/mocap4r2_msgs/srv/_create_rigid_body.py'...
[5.500s] -- Installing: /home/mello/mocap4r2_ws/install/mocap4r2_msgs/lib/libmocap4r2_msgs__rosidl_generator_py.so
[5.500s] -- Set runtime path of "/home/mello/mocap4r2_ws/install/mocap4r2_msgs/lib/libmocap4r2_msgs__rosidl_generator_py.so" to ""
[5.501s] -- Installing: /home/mello/mocap4r2_ws/install/mocap4r2_msgs/share/mocap4r2_msgs/cmake/export_mocap4r2_msgs__rosidl_generator_cExport.cmake
[5.501s] -- Installing: /home/mello/mocap4r2_ws/install/mocap4r2_msgs/share/mocap4r2_msgs/cmake/export_mocap4r2_msgs__rosidl_generator_cExport-noconfig.cmake
[5.501s] -- Installing: /home/mello/mocap4r2_ws/install/mocap4r2_msgs/share/mocap4r2_msgs/cmake/export_mocap4r2_msgs__rosidl_typesupport_fastrtps_cExport.cmake
[5.501s] -- Installing: /home/mello/mocap4r2_ws/install/mocap4r2_msgs/share/mocap4r2_msgs/cmake/export_mocap4r2_msgs__rosidl_typesupport_fastrtps_cExport-noconfig.cmake
[5.501s] -- Installing: /home/mello/mocap4r2_ws/install/mocap4r2_msgs/share/mocap4r2_msgs/cmake/mocap4r2_msgs__rosidl_typesupport_introspection_cExport.cmake
[5.501s] -- Installing: /home/mello/mocap4r2_ws/install/mocap4r2_msgs/share/mocap4r2_msgs/cmake/mocap4r2_msgs__rosidl_typesupport_introspection_cExport-noconfig.cmake
[5.501s] -- Installing: /home/mello/mocap4r2_ws/install/mocap4r2_msgs/share/mocap4r2_msgs/cmake/mocap4r2_msgs__rosidl_typesupport_cExport.cmake
[5.501s] -- Installing: /home/mello/mocap4r2_ws/install/mocap4r2_msgs/share/mocap4r2_msgs/cmake/mocap4r2_msgs__rosidl_typesupport_cExport-noconfig.cmake
[5.501s] -- Installing: /home/mello/mocap4r2_ws/install/mocap4r2_msgs/share/mocap4r2_msgs/cmake/export_mocap4r2_msgs__rosidl_generator_cppExport.cmake
[5.501s] -- Installing: /home/mello/mocap4r2_ws/install/mocap4r2_msgs/share/mocap4r2_msgs/cmake/export_mocap4r2_msgs__rosidl_typesupport_fastrtps_cppExport.cmake
[5.501s] -- Installing: /home/mello/mocap4r2_ws/install/mocap4r2_msgs/share/mocap4r2_msgs/cmake/export_mocap4r2_msgs__rosidl_typesupport_fastrtps_cppExport-noconfig.cmake
[5.501s] -- Installing: /home/mello/mocap4r2_ws/install/mocap4r2_msgs/share/mocap4r2_msgs/cmake/mocap4r2_msgs__rosidl_typesupport_introspection_cppExport.cmake
[5.501s] -- Installing: /home/mello/mocap4r2_ws/install/mocap4r2_msgs/share/mocap4r2_msgs/cmake/mocap4r2_msgs__rosidl_typesupport_introspection_cppExport-noconfig.cmake
[5.502s] -- Installing: /home/mello/mocap4r2_ws/install/mocap4r2_msgs/share/mocap4r2_msgs/cmake/mocap4r2_msgs__rosidl_typesupport_cppExport.cmake
[5.502s] -- Installing: /home/mello/mocap4r2_ws/install/mocap4r2_msgs/share/mocap4r2_msgs/cmake/mocap4r2_msgs__rosidl_typesupport_cppExport-noconfig.cmake
[5.502s] -- Installing: /home/mello/mocap4r2_ws/install/mocap4r2_msgs/share/mocap4r2_msgs/cmake/export_mocap4r2_msgs__rosidl_generator_pyExport.cmake
[5.502s] -- Installing: /home/mello/mocap4r2_ws/install/mocap4r2_msgs/share/mocap4r2_msgs/cmake/export_mocap4r2_msgs__rosidl_generator_pyExport-noconfig.cmake
[5.504s] Invoked command in '/home/mello/mocap4r2_ws/build/mocap4r2_msgs' returned '0': CMAKE_PREFIX_PATH=${CMAKE_PREFIX_PATH}:/opt/ros/humble /usr/bin/cmake --install /home/mello/mocap4r2_ws/build/mocap4r2_msgs
