[0.025s] Invoking command in '/home/mello/mocap4r2_ws/build/rqt_mocap4r2_control': AMENT_PREFIX_PATH=/home/mello/mocap4r2_ws/install/mocap4r2_control:/home/mello/mocap4r2_ws/install/mocap4r2_control_msgs:${AMENT_PREFIX_PATH} CMAKE_PREFIX_PATH=/home/mello/mocap4r2_ws/install/mocap4r2_control:/home/mello/mocap4r2_ws/install/mocap4r2_control_msgs:/home/mello/mocap4r2_ws/install/mocap4r2_optitrack_driver:/home/mello/mocap4r2_ws/install/mocap4r2_msgs:/opt/ros/humble LD_LIBRARY_PATH=/home/mello/mocap4r2_ws/install/mocap4r2_control/lib:/home/mello/mocap4r2_ws/install/mocap4r2_control_msgs/lib:${LD_LIBRARY_PATH} PYTHONPATH=/home/mello/mocap4r2_ws/install/mocap4r2_control_msgs/local/lib/python3.10/dist-packages:${PYTHONPATH} /usr/bin/cmake /home/mello/mocap4r2_ws/src/mocap4r2/mocap4r2_control/rqt_mocap4r2_control -DAMENT_CMAKE_SYMLINK_INSTALL=1 -DCMAKE_INSTALL_PREFIX=/home/mello/mocap4r2_ws/install/rqt_mocap4r2_control
[0.041s] -- Found ament_cmake: 1.3.14 (/opt/ros/humble/share/ament_cmake/cmake)
[0.134s] -- Override CMake install command with custom implementation using symlinks instead of copying resources
[0.139s] -- Found rclcpp: 16.0.19 (/opt/ros/humble/share/rclcpp/cmake)
[0.155s] -- Found rosidl_generator_c: 3.1.8 (/opt/ros/humble/share/rosidl_generator_c/cmake)
[0.157s] -- Found rosidl_adapter: 3.1.8 (/opt/ros/humble/share/rosidl_adapter/cmake)
[0.161s] -- Found rosidl_generator_cpp: 3.1.8 (/opt/ros/humble/share/rosidl_generator_cpp/cmake)
[0.168s] -- Using all available rosidl_typesupport_c: rosidl_typesupport_fastrtps_c;rosidl_typesupport_introspection_c
[0.175s] -- Using all available rosidl_typesupport_cpp: rosidl_typesupport_fastrtps_cpp;rosidl_typesupport_introspection_cpp
[0.195s] -- Found rmw_implementation_cmake: 6.1.2 (/opt/ros/humble/share/rmw_implementation_cmake/cmake)
[0.196s] -- Found rmw_fastrtps_cpp: 6.2.10 (/opt/ros/humble/share/rmw_fastrtps_cpp/cmake)
[0.270s] -- Using RMW implementation 'rmw_fastrtps_cpp' as default
[0.335s] -- Found qt_gui_cpp: 2.2.5 (/opt/ros/humble/share/qt_gui_cpp/cmake)
[0.348s] -- Found rqt_gui_cpp: 1.1.9 (/opt/ros/humble/share/rqt_gui_cpp/cmake)
[0.373s] -- Found mocap4r2_control: 0.0.7 (/home/mello/mocap4r2_ws/install/mocap4r2_control/share/mocap4r2_control/cmake)
[0.442s] -- Found sensor_msgs: 4.9.1 (/opt/ros/humble/share/sensor_msgs/cmake)
[0.552s] -- Configuring done
[0.581s] -- Generating done
[0.584s] -- Build files have been written to: /home/mello/mocap4r2_ws/build/rqt_mocap4r2_control
[0.590s] Invoked command in '/home/mello/mocap4r2_ws/build/rqt_mocap4r2_control' returned '0': AMENT_PREFIX_PATH=/home/mello/mocap4r2_ws/install/mocap4r2_control:/home/mello/mocap4r2_ws/install/mocap4r2_control_msgs:${AMENT_PREFIX_PATH} CMAKE_PREFIX_PATH=/home/mello/mocap4r2_ws/install/mocap4r2_control:/home/mello/mocap4r2_ws/install/mocap4r2_control_msgs:/home/mello/mocap4r2_ws/install/mocap4r2_optitrack_driver:/home/mello/mocap4r2_ws/install/mocap4r2_msgs:/opt/ros/humble LD_LIBRARY_PATH=/home/mello/mocap4r2_ws/install/mocap4r2_control/lib:/home/mello/mocap4r2_ws/install/mocap4r2_control_msgs/lib:${LD_LIBRARY_PATH} PYTHONPATH=/home/mello/mocap4r2_ws/install/mocap4r2_control_msgs/local/lib/python3.10/dist-packages:${PYTHONPATH} /usr/bin/cmake /home/mello/mocap4r2_ws/src/mocap4r2/mocap4r2_control/rqt_mocap4r2_control -DAMENT_CMAKE_SYMLINK_INSTALL=1 -DCMAKE_INSTALL_PREFIX=/home/mello/mocap4r2_ws/install/rqt_mocap4r2_control
[0.592s] Invoking command in '/home/mello/mocap4r2_ws/build/rqt_mocap4r2_control': AMENT_PREFIX_PATH=/home/mello/mocap4r2_ws/install/mocap4r2_control:/home/mello/mocap4r2_ws/install/mocap4r2_control_msgs:${AMENT_PREFIX_PATH} CMAKE_PREFIX_PATH=/home/mello/mocap4r2_ws/install/mocap4r2_control:/home/mello/mocap4r2_ws/install/mocap4r2_control_msgs:/home/mello/mocap4r2_ws/install/mocap4r2_optitrack_driver:/home/mello/mocap4r2_ws/install/mocap4r2_msgs:/opt/ros/humble LD_LIBRARY_PATH=/home/mello/mocap4r2_ws/install/mocap4r2_control/lib:/home/mello/mocap4r2_ws/install/mocap4r2_control_msgs/lib:${LD_LIBRARY_PATH} PYTHONPATH=/home/mello/mocap4r2_ws/install/mocap4r2_control_msgs/local/lib/python3.10/dist-packages:${PYTHONPATH} /usr/bin/cmake --build /home/mello/mocap4r2_ws/build/rqt_mocap4r2_control -- -j8 -l8
[0.635s] [ 12%] [34m[1mGenerating include/rqt_mocap4r2_control/moc_SystemController.cpp[0m
[0.635s] [ 25%] [34m[1mGenerating include/rqt_mocap4r2_control/moc_mocap4r2_control.cpp[0m
[0.637s] [ 37%] [34m[1mGenerating ui_mocap4r2_control.h[0m
[0.638s] /home/mello/mocap4r2_ws/src/mocap4r2/mocap4r2_control/rqt_mocap4r2_control/include/rqt_mocap4r2_control/SystemController.hpp:0: Note: No relevant classes found. No output generated.
[0.656s] [ 50%] [32mBuilding CXX object CMakeFiles/rqt_mocap4r2_control.dir/include/rqt_mocap4r2_control/moc_mocap4r2_control.cpp.o[0m
[0.658s] [ 75%] [32mBuilding CXX object CMakeFiles/rqt_mocap4r2_control.dir/src/rqt_mocap4r2_control/SystemController.cpp.o[0m
[0.658s] [ 75%] [32mBuilding CXX object CMakeFiles/rqt_mocap4r2_control.dir/src/rqt_mocap4r2_control/mocap4r2_control.cpp.o[0m
[0.658s] [ 87%] [32mBuilding CXX object CMakeFiles/rqt_mocap4r2_control.dir/include/rqt_mocap4r2_control/moc_SystemController.cpp.o[0m
[9.414s] [100%] [32m[1mLinking CXX shared library librqt_mocap4r2_control.so[0m
[10.527s] [100%] Built target rqt_mocap4r2_control
[10.536s] Invoked command in '/home/mello/mocap4r2_ws/build/rqt_mocap4r2_control' returned '0': AMENT_PREFIX_PATH=/home/mello/mocap4r2_ws/install/mocap4r2_control:/home/mello/mocap4r2_ws/install/mocap4r2_control_msgs:${AMENT_PREFIX_PATH} CMAKE_PREFIX_PATH=/home/mello/mocap4r2_ws/install/mocap4r2_control:/home/mello/mocap4r2_ws/install/mocap4r2_control_msgs:/home/mello/mocap4r2_ws/install/mocap4r2_optitrack_driver:/home/mello/mocap4r2_ws/install/mocap4r2_msgs:/opt/ros/humble LD_LIBRARY_PATH=/home/mello/mocap4r2_ws/install/mocap4r2_control/lib:/home/mello/mocap4r2_ws/install/mocap4r2_control_msgs/lib:${LD_LIBRARY_PATH} PYTHONPATH=/home/mello/mocap4r2_ws/install/mocap4r2_control_msgs/local/lib/python3.10/dist-packages:${PYTHONPATH} /usr/bin/cmake --build /home/mello/mocap4r2_ws/build/rqt_mocap4r2_control -- -j8 -l8
[10.537s] Invoking command in '/home/mello/mocap4r2_ws/build/rqt_mocap4r2_control': AMENT_PREFIX_PATH=/home/mello/mocap4r2_ws/install/mocap4r2_control:/home/mello/mocap4r2_ws/install/mocap4r2_control_msgs:${AMENT_PREFIX_PATH} CMAKE_PREFIX_PATH=/home/mello/mocap4r2_ws/install/mocap4r2_control:/home/mello/mocap4r2_ws/install/mocap4r2_control_msgs:/home/mello/mocap4r2_ws/install/mocap4r2_optitrack_driver:/home/mello/mocap4r2_ws/install/mocap4r2_msgs:/opt/ros/humble LD_LIBRARY_PATH=/home/mello/mocap4r2_ws/install/mocap4r2_control/lib:/home/mello/mocap4r2_ws/install/mocap4r2_control_msgs/lib:${LD_LIBRARY_PATH} PYTHONPATH=/home/mello/mocap4r2_ws/install/mocap4r2_control_msgs/local/lib/python3.10/dist-packages:${PYTHONPATH} /usr/bin/cmake --install /home/mello/mocap4r2_ws/build/rqt_mocap4r2_control
[10.542s] -- Install configuration: ""
[10.542s] -- Execute custom install script
[10.542s] -- Symlinking: /home/mello/mocap4r2_ws/install/rqt_mocap4r2_control/lib/rqt_mocap4r2_control/rqt_mocap4r2_control
[10.548s] -- Symlinking: /home/mello/mocap4r2_ws/install/rqt_mocap4r2_control/include/rqt_mocap4r2_control/SystemController.hpp
[10.553s] -- Symlinking: /home/mello/mocap4r2_ws/install/rqt_mocap4r2_control/include/rqt_mocap4r2_control/mocap4r2_control.hpp
[10.558s] -- Symlinking: /home/mello/mocap4r2_ws/install/rqt_mocap4r2_control/include/rqt_mocap4r2_control/utils.hpp
[10.564s] -- Symlinking: /home/mello/mocap4r2_ws/install/rqt_mocap4r2_control/share/rqt_mocap4r2_control/plugin.xml
[10.569s] -- Up-to-date symlink: /home/mello/mocap4r2_ws/install/rqt_mocap4r2_control/share/rqt_mocap4r2_control//plugin.xml
[10.569s] -- Symlinking: /home/mello/mocap4r2_ws/install/rqt_mocap4r2_control/share/rqt_mocap4r2_control/environment/library_path.sh
[10.575s] -- Symlinking: /home/mello/mocap4r2_ws/install/rqt_mocap4r2_control/share/rqt_mocap4r2_control/environment/library_path.dsv
[10.581s] -- Symlinking: /home/mello/mocap4r2_ws/install/rqt_mocap4r2_control/share/ament_index/resource_index/package_run_dependencies/rqt_mocap4r2_control
[10.586s] -- Symlinking: /home/mello/mocap4r2_ws/install/rqt_mocap4r2_control/share/ament_index/resource_index/parent_prefix_path/rqt_mocap4r2_control
[10.591s] -- Symlinking: /home/mello/mocap4r2_ws/install/rqt_mocap4r2_control/share/rqt_mocap4r2_control/environment/ament_prefix_path.sh
[10.596s] -- Symlinking: /home/mello/mocap4r2_ws/install/rqt_mocap4r2_control/share/rqt_mocap4r2_control/environment/ament_prefix_path.dsv
[10.601s] -- Symlinking: /home/mello/mocap4r2_ws/install/rqt_mocap4r2_control/share/rqt_mocap4r2_control/environment/path.sh
[10.606s] -- Symlinking: /home/mello/mocap4r2_ws/install/rqt_mocap4r2_control/share/rqt_mocap4r2_control/environment/path.dsv
[10.612s] -- Symlinking: /home/mello/mocap4r2_ws/install/rqt_mocap4r2_control/share/rqt_mocap4r2_control/local_setup.bash
[10.617s] -- Symlinking: /home/mello/mocap4r2_ws/install/rqt_mocap4r2_control/share/rqt_mocap4r2_control/local_setup.sh
[10.623s] -- Symlinking: /home/mello/mocap4r2_ws/install/rqt_mocap4r2_control/share/rqt_mocap4r2_control/local_setup.zsh
[10.628s] -- Symlinking: /home/mello/mocap4r2_ws/install/rqt_mocap4r2_control/share/rqt_mocap4r2_control/local_setup.dsv
[10.633s] -- Symlinking: /home/mello/mocap4r2_ws/install/rqt_mocap4r2_control/share/rqt_mocap4r2_control/package.dsv
[10.639s] -- Symlinking: /home/mello/mocap4r2_ws/install/rqt_mocap4r2_control/share/ament_index/resource_index/packages/rqt_mocap4r2_control
[10.645s] -- Symlinking: /home/mello/mocap4r2_ws/install/rqt_mocap4r2_control/share/ament_index/resource_index/rqt_gui__pluginlib__plugin/rqt_mocap4r2_control
[10.650s] -- Symlinking: /home/mello/mocap4r2_ws/install/rqt_mocap4r2_control/share/rqt_mocap4r2_control/cmake/ament_cmake_export_include_directories-extras.cmake
[10.655s] -- Symlinking: /home/mello/mocap4r2_ws/install/rqt_mocap4r2_control/share/rqt_mocap4r2_control/cmake/ament_cmake_export_libraries-extras.cmake
[10.660s] -- Symlinking: /home/mello/mocap4r2_ws/install/rqt_mocap4r2_control/share/rqt_mocap4r2_control/cmake/rqt_mocap4r2_controlConfig.cmake
[10.665s] -- Symlinking: /home/mello/mocap4r2_ws/install/rqt_mocap4r2_control/share/rqt_mocap4r2_control/cmake/rqt_mocap4r2_controlConfig-version.cmake
[10.672s] -- Symlinking: /home/mello/mocap4r2_ws/install/rqt_mocap4r2_control/share/rqt_mocap4r2_control/package.xml
[10.677s] -- Installing: /home/mello/mocap4r2_ws/install/rqt_mocap4r2_control/lib/rqt_mocap4r2_control/librqt_mocap4r2_control.so
[10.681s] -- Set runtime path of "/home/mello/mocap4r2_ws/install/rqt_mocap4r2_control/lib/rqt_mocap4r2_control/librqt_mocap4r2_control.so" to ""
[10.683s] Invoked command in '/home/mello/mocap4r2_ws/build/rqt_mocap4r2_control' returned '0': AMENT_PREFIX_PATH=/home/mello/mocap4r2_ws/install/mocap4r2_control:/home/mello/mocap4r2_ws/install/mocap4r2_control_msgs:${AMENT_PREFIX_PATH} CMAKE_PREFIX_PATH=/home/mello/mocap4r2_ws/install/mocap4r2_control:/home/mello/mocap4r2_ws/install/mocap4r2_control_msgs:/home/mello/mocap4r2_ws/install/mocap4r2_optitrack_driver:/home/mello/mocap4r2_ws/install/mocap4r2_msgs:/opt/ros/humble LD_LIBRARY_PATH=/home/mello/mocap4r2_ws/install/mocap4r2_control/lib:/home/mello/mocap4r2_ws/install/mocap4r2_control_msgs/lib:${LD_LIBRARY_PATH} PYTHONPATH=/home/mello/mocap4r2_ws/install/mocap4r2_control_msgs/local/lib/python3.10/dist-packages:${PYTHONPATH} /usr/bin/cmake --install /home/mello/mocap4r2_ws/build/rqt_mocap4r2_control
